2021-05-10T11:38:06.0667092+04:00 8000000c-0006-f900-b63f-84710c7967bb [INF] Request starting HTTP/2.0 GET https://localhost:44317/   (ca22a1cb)
2021-05-10T11:38:07.3324192+04:00 8000005d-0004-f800-b63f-84710c7967bb [INF] Request starting HTTP/2.0 GET https://localhost:44317/index.html   (ca22a1cb)
2021-05-10T11:38:07.3548423+04:00 8000000c-0006-f900-b63f-84710c7967bb [INF] Request finished in 1284.9627ms 301  (791a596a)
2021-05-10T11:38:07.5749379+04:00 8000005d-0004-f800-b63f-84710c7967bb [INF] Request finished in 242.4519ms 200 text/html (791a596a)
2021-05-10T11:38:07.6660720+04:00 80000035-0005-fd00-b63f-84710c7967bb [INF] Request starting HTTP/2.0 GET https://localhost:44317/swagger-ui.css   (ca22a1cb)
2021-05-10T11:38:07.6684353+04:00 8000000e-0006-f900-b63f-84710c7967bb [INF] Request starting HTTP/2.0 GET https://localhost:44317/swagger-ui-bundle.js   (ca22a1cb)
2021-05-10T11:38:07.7246500+04:00 80000035-0005-fd00-b63f-84710c7967bb [INF] Sending file. Request path: '"/swagger-ui.css"'. Physical path: '"N/A"' (27b0a520)
2021-05-10T11:38:07.7392693+04:00 8000000e-0006-f900-b63f-84710c7967bb [INF] Sending file. Request path: '"/swagger-ui-bundle.js"'. Physical path: '"N/A"' (27b0a520)
2021-05-10T11:38:07.7508721+04:00 80000035-0005-fd00-b63f-84710c7967bb [INF] Request finished in 84.0875ms 200 text/css (791a596a)
2021-05-10T11:38:07.7527534+04:00 8000000e-0006-f900-b63f-84710c7967bb [INF] Request finished in 84.1144ms 200 application/javascript (791a596a)
2021-05-10T11:38:07.8027208+04:00 8000000c-0003-fe00-b63f-84710c7967bb [INF] Request starting HTTP/2.0 GET https://localhost:44317/swagger-ui-standalone-preset.js   (ca22a1cb)
2021-05-10T11:38:07.8218847+04:00 8000000c-0003-fe00-b63f-84710c7967bb [INF] Sending file. Request path: '"/swagger-ui-standalone-preset.js"'. Physical path: '"N/A"' (27b0a520)
2021-05-10T11:38:07.8297364+04:00 8000000c-0003-fe00-b63f-84710c7967bb [INF] Request finished in 27.5101ms 200 application/javascript (791a596a)
2021-05-10T11:38:08.2943100+04:00 80000010-0006-f900-b63f-84710c7967bb [INF] Request starting HTTP/2.0 GET https://localhost:44317/swagger/v1/swagger.json   (ca22a1cb)
2021-05-10T11:38:08.7342110+04:00 80000010-0006-f900-b63f-84710c7967bb [INF] Request finished in 440.1004ms 200 application/json;charset=utf-8 (791a596a)
2021-05-10T11:42:23.7530384+04:00 80000007-0006-f700-b63f-84710c7967bb [INF] Request starting HTTP/2.0 GET https://localhost:44317/api/Chart/StatisticsReports?FromDate=01%2F01%2F2021&ToDate=31%2F12%2F2021&ReportType=1   (ca22a1cb)
2021-05-10T11:42:23.9490759+04:00 80000007-0006-f700-b63f-84710c7967bb [INF] Executing endpoint '"KU.WebAPI.Controllers.ChartController.GetReport (KU.WebAPI)"' (500cc934)
2021-05-10T11:42:24.4191283+04:00 80000007-0006-f700-b63f-84710c7967bb [INF] Route matched with "{action = \"GetReport\", controller = \"Chart\"}". Executing controller action with signature "Microsoft.AspNetCore.Mvc.IActionResult GetReport(System.String, System.String, System.String, System.String, System.String, Int32)" on controller "KU.WebAPI.Controllers.ChartController" ("KU.WebAPI"). (122b2fdf)
2021-05-10T11:42:24.4440898+04:00 80000007-0006-f700-b63f-84710c7967bb [INF] Executing action method "KU.WebAPI.Controllers.ChartController.GetReport (KU.WebAPI)" - Validation state: Valid (dad538d7)
2021-05-10T11:42:25.6936597+04:00 80000007-0006-f700-b63f-84710c7967bb [INF] Entity Framework Core "2.2.6-servicing-10079" initialized '"ApplicationDbContext"' using provider '"Microsoft.EntityFrameworkCore.SqlServer"' with options: "MigrationsAssembly=KU.WebAPI " (9958f5bb)
2021-05-10T11:42:26.7823059+04:00 80000007-0006-f700-b63f-84710c7967bb [INF] Executed DbCommand ("106"ms) [Parameters=["@p0='?' (Size = 4000), @p1='?' (Size = 4000), @p2='?' (Size = 4000), @p3='?' (Size = 4000), @p4='?' (Size = 4000), @p5='?' (DbType = Int32)"], CommandType='Text', CommandTimeout='30']"
""SP_Statistics_Report @p0,@p1,@p2,@p3,@p4,@p5" (0723d8ff)
2021-05-10T11:42:26.9330630+04:00 80000007-0006-f700-b63f-84710c7967bb [INF] Executed action method "KU.WebAPI.Controllers.ChartController.GetReport (KU.WebAPI)", returned result "Microsoft.AspNetCore.Mvc.OkObjectResult" in 2479.9797ms. (50a9e262)
2021-05-10T11:42:26.9458762+04:00 80000007-0006-f700-b63f-84710c7967bb [INF] Executing ObjectResult, writing value of type '"Newtonsoft.Json.Linq.JArray"'. (8a1b66c8)
2021-05-10T11:42:26.9620431+04:00 80000007-0006-f700-b63f-84710c7967bb [INF] Executed action "KU.WebAPI.Controllers.ChartController.GetReport (KU.WebAPI)" in 2534.7717ms (afa2e885)
2021-05-10T11:42:26.9661385+04:00 80000007-0006-f700-b63f-84710c7967bb [INF] Executed endpoint '"KU.WebAPI.Controllers.ChartController.GetReport (KU.WebAPI)"' (99874f2b)
2021-05-10T11:42:26.9704416+04:00 80000007-0006-f700-b63f-84710c7967bb [INF] Request finished in 3219.582ms 200 application/json; charset=utf-8 (791a596a)
