2020-12-17T12:05:02.6737386+04:00 80000010-0006-f900-b63f-84710c7967bb [INF] Request starting HTTP/2.0 GET https://localhost:44317/   (ca22a1cb)
2020-12-17T12:05:03.7777752+04:00 8000001c-0007-fe00-b63f-84710c7967bb [INF] Request starting HTTP/2.0 GET https://localhost:44317/index.html   (ca22a1cb)
2020-12-17T12:05:03.7977076+04:00 80000010-0006-f900-b63f-84710c7967bb [INF] Request finished in 1114.9839ms 301  (791a596a)
2020-12-17T12:05:03.9692179+04:00 8000001c-0007-fe00-b63f-84710c7967bb [INF] Request finished in 191.2579ms 200 text/html (791a596a)
2020-12-17T12:05:04.0671527+04:00 80000033-0004-fd00-b63f-84710c7967bb [INF] Request starting HTTP/2.0 GET https://localhost:44317/swagger-ui-standalone-preset.js   (ca22a1cb)
2020-12-17T12:05:04.0686493+04:00 80000054-0002-f900-b63f-84710c7967bb [INF] Request starting HTTP/2.0 GET https://localhost:44317/swagger-ui-bundle.js   (ca22a1cb)
2020-12-17T12:05:04.2325716+04:00 80000033-0004-fd00-b63f-84710c7967bb [INF] Sending file. Request path: '"/swagger-ui-standalone-preset.js"'. Physical path: '"N/A"' (27b0a520)
2020-12-17T12:05:04.2519741+04:00 80000033-0004-fd00-b63f-84710c7967bb [INF] Request finished in 189.7923ms 200 application/javascript (791a596a)
2020-12-17T12:05:04.2596339+04:00 80000054-0002-f900-b63f-84710c7967bb [INF] Sending file. Request path: '"/swagger-ui-bundle.js"'. Physical path: '"N/A"' (27b0a520)
2020-12-17T12:05:04.2647242+04:00 80000054-0002-f900-b63f-84710c7967bb [INF] Request finished in 204.0036ms 200 application/javascript (791a596a)
2020-12-17T12:05:04.5084694+04:00 80000012-0006-f900-b63f-84710c7967bb [INF] Request starting HTTP/2.0 GET https://localhost:44317/swagger/v1/swagger.json   (ca22a1cb)
2020-12-17T12:05:04.5331752+04:00 8000003f-0000-fd00-b63f-84710c7967bb [INF] Request starting HTTP/2.0 GET https://localhost:44317/favicon-32x32.png   (ca22a1cb)
2020-12-17T12:05:04.5386870+04:00 8000003f-0000-fd00-b63f-84710c7967bb [INF] Sending file. Request path: '"/favicon-32x32.png"'. Physical path: '"N/A"' (27b0a520)
2020-12-17T12:05:04.5435829+04:00 8000003f-0000-fd00-b63f-84710c7967bb [INF] Request finished in 12.0701ms 200 image/png (791a596a)
2020-12-17T12:05:04.6725930+04:00 80000012-0006-f900-b63f-84710c7967bb [INF] Request finished in 163.0256ms 200 application/json;charset=utf-8 (791a596a)
2020-12-17T12:06:24.6797400+04:00 80000041-0000-fd00-b63f-84710c7967bb [INF] Request starting HTTP/2.0 GET https://localhost:44317/api/Chart/GetAllViralLoadChartData?ReportDateStart=2020-12-15   (ca22a1cb)
2020-12-17T12:06:24.7370989+04:00 80000041-0000-fd00-b63f-84710c7967bb [INF] Executing endpoint '"KU.WebAPI.Controllers.ChartController.GetAllViralLoadChartData (KU.WebAPI)"' (500cc934)
2020-12-17T12:06:24.7980919+04:00 80000041-0000-fd00-b63f-84710c7967bb [INF] Route matched with "{action = \"GetAllViralLoadChartData\", controller = \"Chart\"}". Executing controller action with signature "Microsoft.AspNetCore.Mvc.IActionResult GetAllViralLoadChartData(System.String, System.String, System.String, System.String)" on controller "KU.WebAPI.Controllers.ChartController" ("KU.WebAPI"). (122b2fdf)
2020-12-17T12:06:24.8232100+04:00 80000041-0000-fd00-b63f-84710c7967bb [INF] Executing action method "KU.WebAPI.Controllers.ChartController.GetAllViralLoadChartData (KU.WebAPI)" - Validation state: Valid (dad538d7)
2020-12-17T12:06:25.5356530+04:00 80000041-0000-fd00-b63f-84710c7967bb [INF] Entity Framework Core "2.2.6-servicing-10079" initialized '"ApplicationDbContext"' using provider '"Microsoft.EntityFrameworkCore.SqlServer"' with options: "MigrationsAssembly=KU.WebAPI " (9958f5bb)
2020-12-17T12:06:26.2581838+04:00 80000041-0000-fd00-b63f-84710c7967bb [INF] Executed DbCommand ("79"ms) [Parameters=["@p0='?' (Size = 4000), @p1='?', @p2='?', @p3='?'"], CommandType='Text', CommandTimeout='30']"
""sp_ViralLoadChartData @p0, @p1, @p2, @p3" (0723d8ff)
2020-12-17T12:06:26.4674049+04:00 80000041-0000-fd00-b63f-84710c7967bb [INF] Executed action method "KU.WebAPI.Controllers.ChartController.GetAllViralLoadChartData (KU.WebAPI)", returned result "Microsoft.AspNetCore.Mvc.OkObjectResult" in 1635.7268ms. (50a9e262)
2020-12-17T12:06:26.4795273+04:00 80000041-0000-fd00-b63f-84710c7967bb [INF] Executing ObjectResult, writing value of type '"System.Collections.Generic.List`1[[KU.Repositories.Models.ViralLoadChartData, KU.Repositories, Version=1.0.0.0, Culture=neutral, PublicKeyToken=null]]"'. (8a1b66c8)
2020-12-17T12:06:26.4919009+04:00 80000041-0000-fd00-b63f-84710c7967bb [INF] Executed action "KU.WebAPI.Controllers.ChartController.GetAllViralLoadChartData (KU.WebAPI)" in 1686.7575ms (afa2e885)
2020-12-17T12:06:26.4961195+04:00 80000041-0000-fd00-b63f-84710c7967bb [INF] Executed endpoint '"KU.WebAPI.Controllers.ChartController.GetAllViralLoadChartData (KU.WebAPI)"' (99874f2b)
2020-12-17T12:06:26.4994231+04:00 80000041-0000-fd00-b63f-84710c7967bb [INF] Request finished in 1821.0517ms 200 application/json; charset=utf-8 (791a596a)
