2020-12-06T15:34:31.7503928+04:00 8000000f-0003-ff00-b63f-84710c7967bb [INF] Request starting HTTP/2.0 GET https://localhost:44317/index.html   (ca22a1cb)
2020-12-06T15:34:32.5444578+04:00 8000000f-0003-ff00-b63f-84710c7967bb [INF] Request finished in 803.5206ms 200 text/html (791a596a)
2020-12-06T15:34:33.0505127+04:00 8000001b-0000-ff00-b63f-84710c7967bb [INF] Request starting HTTP/2.0 GET https://localhost:44317/swagger/v1/swagger.json   (ca22a1cb)
2020-12-06T15:34:33.3835000+04:00 8000001b-0000-ff00-b63f-84710c7967bb [INF] Request finished in 336.0065ms 200 application/json;charset=utf-8 (791a596a)
2020-12-06T15:36:00.2969986+04:00 8000000c-0005-fd00-b63f-84710c7967bb [INF] Request starting HTTP/2.0 POST https://localhost:44317/api/Form/ImportSample?UserName=ca application/json-patch+json 428 (ca22a1cb)
2020-12-06T15:36:00.3078548+04:00 8000000c-0005-fd00-b63f-84710c7967bb [INF] CORS policy execution successful. (5409d6ef)
2020-12-06T15:36:00.3902892+04:00 8000000c-0005-fd00-b63f-84710c7967bb [INF] Executing endpoint '"KU.WebAPI.Controllers.FormController.ImportSample (KU.WebAPI)"' (500cc934)
2020-12-06T15:36:00.4285598+04:00 8000000c-0005-fd00-b63f-84710c7967bb [INF] Route matched with "{action = \"ImportSample\", controller = \"Form\"}". Executing controller action with signature "System.Threading.Tasks.Task`1[Microsoft.AspNetCore.Mvc.IActionResult] ImportSample(System.Collections.Generic.List`1[KU.Repositories.Models.SampleForm], System.String)" on controller "KU.WebAPI.Controllers.FormController" ("KU.WebAPI"). (122b2fdf)
2020-12-06T15:36:00.4346301+04:00 8000000c-0005-fd00-b63f-84710c7967bb [WRN] The CORS protocol does not allow specifying a wildcard (any) origin and credentials at the same time. Configure the policy by listing individual origins if credentials needs to be supported. (6e5ffae2)
2020-12-06T15:36:00.4381299+04:00 8000000c-0005-fd00-b63f-84710c7967bb [INF] CORS policy execution successful. (5409d6ef)
2020-12-06T15:36:00.4835991+04:00 8000000c-0005-fd00-b63f-84710c7967bb [INF] Executing action method "KU.WebAPI.Controllers.FormController.ImportSample (KU.WebAPI)" - Validation state: Valid (dad538d7)
2020-12-06T15:36:04.9637697+04:00 8000000c-0005-fd00-b63f-84710c7967bb [INF] Entity Framework Core "2.2.6-servicing-10079" initialized '"ApplicationDbContext"' using provider '"Microsoft.EntityFrameworkCore.SqlServer"' with options: "MigrationsAssembly=KU.WebAPI " (9958f5bb)
2020-12-06T15:36:27.8824577+04:00 8000000c-0005-fd00-b63f-84710c7967bb [INF] Executed DbCommand ("201"ms) [Parameters=["@p0='?' (Size = 4000), @p1='?' (Size = 4000)"], CommandType='Text', CommandTimeout='30']"
""Sp_importSample @p0,@p1" (0723d8ff)
2020-12-06T15:36:27.9294564+04:00 8000000c-0005-fd00-b63f-84710c7967bb [ERR] An exception occurred while iterating over the results of a query for context type '"KU.Repositories.ApplicationDbContext"'."
""System.InvalidOperationException: The required column 'Items' was not present in the results of a 'FromSql' operation.
   at Microsoft.EntityFrameworkCore.Query.Sql.Internal.FromSqlNonComposedQuerySqlGenerator.CreateValueBufferFactory(IRelationalValueBufferFactoryFactory relationalValueBufferFactoryFactory, DbDataReader dataReader)
   at Microsoft.EntityFrameworkCore.Query.Internal.ShaperCommandContext.<NotifyReaderCreated>b__14_0(FactoryAndReader s)
   at Microsoft.EntityFrameworkCore.Internal.NonCapturingLazyInitializer.EnsureInitialized[TParam,TValue](TValue& target, TParam param, Func`2 valueFactory)
   at Microsoft.EntityFrameworkCore.Query.Internal.ShaperCommandContext.NotifyReaderCreated(DbDataReader dataReader)
   at Microsoft.EntityFrameworkCore.Query.Internal.QueryingEnumerable`1.Enumerator.BufferlessMoveNext(DbContext _, Boolean buffer)
   at Microsoft.EntityFrameworkCore.SqlServer.Storage.Internal.SqlServerExecutionStrategy.Execute[TState,TResult](TState state, Func`3 operation, Func`3 verifySucceeded)
   at Microsoft.EntityFrameworkCore.Query.Internal.QueryingEnumerable`1.Enumerator.MoveNext()
   at Microsoft.EntityFrameworkCore.Query.Internal.LinqOperatorProvider._TrackEntities[TOut,TIn](IEnumerable`1 results, QueryContext queryContext, IList`1 entityTrackingInfos, IList`1 entityAccessors)+MoveNext()
   at Microsoft.EntityFrameworkCore.Query.Internal.LinqOperatorProvider.ExceptionInterceptor`1.EnumeratorExceptionInterceptor.MoveNext()" (f5c7ac34)
System.InvalidOperationException: The required column 'Items' was not present in the results of a 'FromSql' operation.
   at Microsoft.EntityFrameworkCore.Query.Sql.Internal.FromSqlNonComposedQuerySqlGenerator.CreateValueBufferFactory(IRelationalValueBufferFactoryFactory relationalValueBufferFactoryFactory, DbDataReader dataReader)
   at Microsoft.EntityFrameworkCore.Query.Internal.ShaperCommandContext.<NotifyReaderCreated>b__14_0(FactoryAndReader s)
   at Microsoft.EntityFrameworkCore.Internal.NonCapturingLazyInitializer.EnsureInitialized[TParam,TValue](TValue& target, TParam param, Func`2 valueFactory)
   at Microsoft.EntityFrameworkCore.Query.Internal.ShaperCommandContext.NotifyReaderCreated(DbDataReader dataReader)
   at Microsoft.EntityFrameworkCore.Query.Internal.QueryingEnumerable`1.Enumerator.BufferlessMoveNext(DbContext _, Boolean buffer)
   at Microsoft.EntityFrameworkCore.SqlServer.Storage.Internal.SqlServerExecutionStrategy.Execute[TState,TResult](TState state, Func`3 operation, Func`3 verifySucceeded)
   at Microsoft.EntityFrameworkCore.Query.Internal.QueryingEnumerable`1.Enumerator.MoveNext()
   at Microsoft.EntityFrameworkCore.Query.Internal.LinqOperatorProvider._TrackEntities[TOut,TIn](IEnumerable`1 results, QueryContext queryContext, IList`1 entityTrackingInfos, IList`1 entityAccessors)+MoveNext()
   at Microsoft.EntityFrameworkCore.Query.Internal.LinqOperatorProvider.ExceptionInterceptor`1.EnumeratorExceptionInterceptor.MoveNext()
2020-12-06T15:36:28.1273536+04:00 8000000c-0005-fd00-b63f-84710c7967bb [INF] Executed action "KU.WebAPI.Controllers.FormController.ImportSample (KU.WebAPI)" in 27688.0391ms (afa2e885)
2020-12-06T15:36:28.1384006+04:00 8000000c-0005-fd00-b63f-84710c7967bb [INF] Executed endpoint '"KU.WebAPI.Controllers.FormController.ImportSample (KU.WebAPI)"' (99874f2b)
2020-12-06T15:36:28.2138792+04:00 8000000c-0005-fd00-b63f-84710c7967bb [ERR] An unhandled exception has occurred while executing the request. (48a46595)
System.InvalidOperationException: The required column 'Items' was not present in the results of a 'FromSql' operation.
   at Microsoft.EntityFrameworkCore.Query.Sql.Internal.FromSqlNonComposedQuerySqlGenerator.CreateValueBufferFactory(IRelationalValueBufferFactoryFactory relationalValueBufferFactoryFactory, DbDataReader dataReader)
   at Microsoft.EntityFrameworkCore.Query.Internal.ShaperCommandContext.<NotifyReaderCreated>b__14_0(FactoryAndReader s)
   at Microsoft.EntityFrameworkCore.Internal.NonCapturingLazyInitializer.EnsureInitialized[TParam,TValue](TValue& target, TParam param, Func`2 valueFactory)
   at Microsoft.EntityFrameworkCore.Query.Internal.ShaperCommandContext.NotifyReaderCreated(DbDataReader dataReader)
   at Microsoft.EntityFrameworkCore.Query.Internal.QueryingEnumerable`1.Enumerator.BufferlessMoveNext(DbContext _, Boolean buffer)
   at Microsoft.EntityFrameworkCore.SqlServer.Storage.Internal.SqlServerExecutionStrategy.Execute[TState,TResult](TState state, Func`3 operation, Func`3 verifySucceeded)
   at Microsoft.EntityFrameworkCore.Query.Internal.QueryingEnumerable`1.Enumerator.MoveNext()
   at Microsoft.EntityFrameworkCore.Query.Internal.LinqOperatorProvider._TrackEntities[TOut,TIn](IEnumerable`1 results, QueryContext queryContext, IList`1 entityTrackingInfos, IList`1 entityAccessors)+MoveNext()
   at Microsoft.EntityFrameworkCore.Query.Internal.LinqOperatorProvider.ExceptionInterceptor`1.EnumeratorExceptionInterceptor.MoveNext()
   at System.Collections.Generic.List`1.AddEnumerable(IEnumerable`1 enumerable)
   at System.Linq.Enumerable.ToList[TSource](IEnumerable`1 source)
   at KU.Repositories.Implementations.GenericResultRepository.ImportSample(List`1 Model, String UserName) in C:\TCIT\Khalifa LIMS\GIT\API\KhalifaLIMSAPI\KU.Repositories\Implementations\GenericResultRepository.cs:line 113
   at KU.Services.Implementations.FormService.ImportSample(List`1 Model, String UserName) in C:\TCIT\Khalifa LIMS\GIT\API\KhalifaLIMSAPI\KU.Services\Implementations\FormService.cs:line 254
   at KU.WebAPI.Controllers.FormController.ImportSample(List`1 Model, String UserName) in C:\TCIT\Khalifa LIMS\GIT\API\KhalifaLIMSAPI\KU.WebAPI\Controllers\FormController.cs:line 495
   at Microsoft.AspNetCore.Mvc.Internal.ActionMethodExecutor.TaskOfIActionResultExecutor.Execute(IActionResultTypeMapper mapper, ObjectMethodExecutor executor, Object controller, Object[] arguments)
   at System.Threading.Tasks.ValueTask`1.get_Result()
   at Microsoft.AspNetCore.Mvc.Internal.ControllerActionInvoker.InvokeActionMethodAsync()
   at Microsoft.AspNetCore.Mvc.Internal.ControllerActionInvoker.InvokeNextActionFilterAsync()
   at Microsoft.AspNetCore.Mvc.Internal.ControllerActionInvoker.Rethrow(ActionExecutedContext context)
   at Microsoft.AspNetCore.Mvc.Internal.ControllerActionInvoker.Next(State& next, Scope& scope, Object& state, Boolean& isCompleted)
   at Microsoft.AspNetCore.Mvc.Internal.ControllerActionInvoker.InvokeInnerFilterAsync()
   at Microsoft.AspNetCore.Mvc.Internal.ResourceInvoker.InvokeNextResourceFilter()
   at Microsoft.AspNetCore.Mvc.Internal.ResourceInvoker.Rethrow(ResourceExecutedContext context)
   at Microsoft.AspNetCore.Mvc.Internal.ResourceInvoker.Next(State& next, Scope& scope, Object& state, Boolean& isCompleted)
   at Microsoft.AspNetCore.Mvc.Internal.ResourceInvoker.InvokeFilterPipelineAsync()
   at Microsoft.AspNetCore.Mvc.Internal.ResourceInvoker.InvokeAsync()
   at Microsoft.AspNetCore.Routing.EndpointMiddleware.Invoke(HttpContext httpContext)
   at Microsoft.AspNetCore.Routing.EndpointRoutingMiddleware.Invoke(HttpContext httpContext)
   at Microsoft.AspNetCore.StaticFiles.StaticFileMiddleware.Invoke(HttpContext context)
   at Swashbuckle.AspNetCore.SwaggerUI.SwaggerUIMiddleware.Invoke(HttpContext httpContext)
   at Swashbuckle.AspNetCore.Swagger.SwaggerMiddleware.Invoke(HttpContext httpContext, ISwaggerProvider swaggerProvider)
   at Microsoft.AspNetCore.Authentication.AuthenticationMiddleware.Invoke(HttpContext context)
   at Microsoft.AspNetCore.StaticFiles.StaticFileMiddleware.Invoke(HttpContext context)
   at Microsoft.AspNetCore.Cors.Infrastructure.CorsMiddleware.InvokeCore(HttpContext context)
   at Microsoft.AspNetCore.Diagnostics.DeveloperExceptionPageMiddleware.Invoke(HttpContext context)
2020-12-06T15:36:28.3099031+04:00 8000000c-0005-fd00-b63f-84710c7967bb [INF] Request finished in 28014.6705ms 500 text/html; charset=utf-8 (791a596a)
2020-12-06T15:40:56.3208470+04:00 8000001d-0000-ff00-b63f-84710c7967bb [INF] Request starting HTTP/2.0 POST https://localhost:44317/api/Form/ImportSample?UserName=ca application/json-patch+json 428 (ca22a1cb)
2020-12-06T15:40:56.3254635+04:00 8000001d-0000-ff00-b63f-84710c7967bb [INF] CORS policy execution successful. (5409d6ef)
2020-12-06T15:40:56.3375868+04:00 8000001d-0000-ff00-b63f-84710c7967bb [INF] Executing endpoint '"KU.WebAPI.Controllers.FormController.ImportSample (KU.WebAPI)"' (500cc934)
2020-12-06T15:40:56.3411611+04:00 8000001d-0000-ff00-b63f-84710c7967bb [INF] Route matched with "{action = \"ImportSample\", controller = \"Form\"}". Executing controller action with signature "System.Threading.Tasks.Task`1[Microsoft.AspNetCore.Mvc.IActionResult] ImportSample(System.Collections.Generic.List`1[KU.Repositories.Models.SampleForm], System.String)" on controller "KU.WebAPI.Controllers.FormController" ("KU.WebAPI"). (122b2fdf)
2020-12-06T15:40:56.3448205+04:00 8000001d-0000-ff00-b63f-84710c7967bb [WRN] The CORS protocol does not allow specifying a wildcard (any) origin and credentials at the same time. Configure the policy by listing individual origins if credentials needs to be supported. (6e5ffae2)
2020-12-06T15:40:56.3481544+04:00 8000001d-0000-ff00-b63f-84710c7967bb [INF] CORS policy execution successful. (5409d6ef)
2020-12-06T15:40:56.3599053+04:00 8000001d-0000-ff00-b63f-84710c7967bb [INF] Executing action method "KU.WebAPI.Controllers.FormController.ImportSample (KU.WebAPI)" - Validation state: Valid (dad538d7)
2020-12-06T15:40:58.3705258+04:00 8000001d-0000-ff00-b63f-84710c7967bb [INF] Entity Framework Core "2.2.6-servicing-10079" initialized '"ApplicationDbContext"' using provider '"Microsoft.EntityFrameworkCore.SqlServer"' with options: "MigrationsAssembly=KU.WebAPI " (9958f5bb)
2020-12-06T15:41:15.3494866+04:00 8000001d-0000-ff00-b63f-84710c7967bb [INF] Executed DbCommand ("185"ms) [Parameters=["@p0='?' (Size = 4000), @p1='?' (Size = 4000)"], CommandType='Text', CommandTimeout='30']"
""Sp_importSample @p0,@p1" (0723d8ff)
2020-12-06T15:41:26.7384719+04:00 8000001d-0000-ff00-b63f-84710c7967bb [INF] Executed action method "KU.WebAPI.Controllers.FormController.ImportSample (KU.WebAPI)", returned result "Microsoft.AspNetCore.Mvc.OkObjectResult" in 30366.7215ms. (50a9e262)
2020-12-06T15:41:26.7490061+04:00 8000001d-0000-ff00-b63f-84710c7967bb [INF] Executing ObjectResult, writing value of type '"System.Collections.Generic.List`1[[KU.Repositories.Models.GenericResult, KU.Repositories, Version=1.0.0.0, Culture=neutral, PublicKeyToken=null]]"'. (8a1b66c8)
2020-12-06T15:41:29.2560577+04:00 8000001d-0000-ff00-b63f-84710c7967bb [INF] Executed action "KU.WebAPI.Controllers.FormController.ImportSample (KU.WebAPI)" in 32909.5545ms (afa2e885)
2020-12-06T15:41:29.2619889+04:00 8000001d-0000-ff00-b63f-84710c7967bb [INF] Executed endpoint '"KU.WebAPI.Controllers.FormController.ImportSample (KU.WebAPI)"' (99874f2b)
2020-12-06T15:41:29.2671501+04:00 8000001d-0000-ff00-b63f-84710c7967bb [INF] Request finished in 32946.3696ms 200 application/json; charset=utf-8 (791a596a)
2020-12-06T16:04:15.4184939+04:00 8000001f-0000-ff00-b63f-84710c7967bb [INF] Request starting HTTP/2.0 POST https://localhost:44317/api/Form/ImportSample?UserName=ca application/json-patch+json 352 (ca22a1cb)
2020-12-06T16:04:15.4247385+04:00 8000001f-0000-ff00-b63f-84710c7967bb [INF] CORS policy execution successful. (5409d6ef)
2020-12-06T16:04:15.4298496+04:00 8000001f-0000-ff00-b63f-84710c7967bb [INF] Executing endpoint '"KU.WebAPI.Controllers.FormController.ImportSample (KU.WebAPI)"' (500cc934)
2020-12-06T16:04:15.4351917+04:00 8000001f-0000-ff00-b63f-84710c7967bb [INF] Route matched with "{action = \"ImportSample\", controller = \"Form\"}". Executing controller action with signature "System.Threading.Tasks.Task`1[Microsoft.AspNetCore.Mvc.IActionResult] ImportSample(System.Collections.Generic.List`1[KU.Repositories.Models.SampleForm], System.String)" on controller "KU.WebAPI.Controllers.FormController" ("KU.WebAPI"). (122b2fdf)
2020-12-06T16:04:15.4395305+04:00 8000001f-0000-ff00-b63f-84710c7967bb [WRN] The CORS protocol does not allow specifying a wildcard (any) origin and credentials at the same time. Configure the policy by listing individual origins if credentials needs to be supported. (6e5ffae2)
2020-12-06T16:04:15.4440748+04:00 8000001f-0000-ff00-b63f-84710c7967bb [INF] CORS policy execution successful. (5409d6ef)
2020-12-06T16:04:15.4506062+04:00 8000001f-0000-ff00-b63f-84710c7967bb [INF] Executing action method "KU.WebAPI.Controllers.FormController.ImportSample (KU.WebAPI)" - Validation state: Valid (dad538d7)
2020-12-06T16:04:17.0524321+04:00 8000001f-0000-ff00-b63f-84710c7967bb [INF] Entity Framework Core "2.2.6-servicing-10079" initialized '"ApplicationDbContext"' using provider '"Microsoft.EntityFrameworkCore.SqlServer"' with options: "MigrationsAssembly=KU.WebAPI " (9958f5bb)
2020-12-06T16:04:19.0870798+04:00 8000001f-0000-ff00-b63f-84710c7967bb [INF] Executed DbCommand ("197"ms) [Parameters=["@p0='?' (Size = 4000), @p1='?' (Size = 4000)"], CommandType='Text', CommandTimeout='30']"
""Sp_importSample @p0,@p1" (0723d8ff)
2020-12-06T16:04:23.4209465+04:00 8000001f-0000-ff00-b63f-84710c7967bb [INF] Executed action method "KU.WebAPI.Controllers.FormController.ImportSample (KU.WebAPI)", returned result "Microsoft.AspNetCore.Mvc.OkObjectResult" in 7957.6484ms. (50a9e262)
2020-12-06T16:04:23.4258984+04:00 8000001f-0000-ff00-b63f-84710c7967bb [INF] Executing ObjectResult, writing value of type '"System.Collections.Generic.List`1[[KU.Repositories.Models.GenericResult, KU.Repositories, Version=1.0.0.0, Culture=neutral, PublicKeyToken=null]]"'. (8a1b66c8)
2020-12-06T16:04:23.4358114+04:00 8000001f-0000-ff00-b63f-84710c7967bb [INF] Executed action "KU.WebAPI.Controllers.FormController.ImportSample (KU.WebAPI)" in 7991.2262ms (afa2e885)
2020-12-06T16:04:23.4425554+04:00 8000001f-0000-ff00-b63f-84710c7967bb [INF] Executed endpoint '"KU.WebAPI.Controllers.FormController.ImportSample (KU.WebAPI)"' (99874f2b)
2020-12-06T16:04:23.4474094+04:00 8000001f-0000-ff00-b63f-84710c7967bb [INF] Request finished in 8031.1702ms 200 application/json; charset=utf-8 (791a596a)
2020-12-06T16:24:14.4585070+04:00 8000000e-0002-fb00-b63f-84710c7967bb [INF] Request starting HTTP/2.0 GET https://localhost:44317/index.html   (ca22a1cb)
2020-12-06T16:24:15.1391481+04:00 8000000e-0002-fb00-b63f-84710c7967bb [INF] Request finished in 685.7618ms 200 text/html (791a596a)
2020-12-06T16:24:15.5616187+04:00 80000022-0004-f900-b63f-84710c7967bb [INF] Request starting HTTP/2.0 GET https://localhost:44317/swagger/v1/swagger.json   (ca22a1cb)
2020-12-06T16:24:15.8697072+04:00 80000022-0004-f900-b63f-84710c7967bb [INF] Request finished in 312.4463ms 200 application/json;charset=utf-8 (791a596a)
2020-12-06T16:24:31.2515254+04:00 80000024-0004-f900-b63f-84710c7967bb [INF] Request starting HTTP/2.0 GET https://localhost:44317/api/Form/CheckDuplicate?MenuID=2&SavedFormID=39&AttributeName=name&AttributeValue=RAK   (ca22a1cb)
2020-12-06T16:24:31.3134892+04:00 80000024-0004-f900-b63f-84710c7967bb [INF] Executing endpoint '"KU.WebAPI.Controllers.FormController.CheckDuplicate (KU.WebAPI)"' (500cc934)
2020-12-06T16:24:31.3411548+04:00 80000024-0004-f900-b63f-84710c7967bb [INF] Route matched with "{action = \"CheckDuplicate\", controller = \"Form\"}". Executing controller action with signature "Microsoft.AspNetCore.Mvc.IActionResult CheckDuplicate(Int32, Int32, System.String, System.String)" on controller "KU.WebAPI.Controllers.FormController" ("KU.WebAPI"). (122b2fdf)
2020-12-06T16:24:31.3677899+04:00 80000024-0004-f900-b63f-84710c7967bb [INF] Executing action method "KU.WebAPI.Controllers.FormController.CheckDuplicate (KU.WebAPI)" - Validation state: Valid (dad538d7)
2020-12-06T16:24:31.8571402+04:00 80000024-0004-f900-b63f-84710c7967bb [INF] Entity Framework Core "2.2.6-servicing-10079" initialized '"ApplicationDbContext"' using provider '"Microsoft.EntityFrameworkCore.SqlServer"' with options: "MigrationsAssembly=KU.WebAPI " (9958f5bb)
2020-12-06T16:24:35.4041143+04:00 80000024-0004-f900-b63f-84710c7967bb [INF] Executed DbCommand ("133"ms) [Parameters=["@p0='?' (DbType = Int32), @p1='?' (DbType = Int32), @p2='?' (Size = 4000), @p3='?' (Size = 4000)"], CommandType='Text', CommandTimeout='30']"
""sp_CheckDuplicate @p0,@p1,@p2,@p3" (0723d8ff)
2020-12-06T16:24:35.4620759+04:00 80000024-0004-f900-b63f-84710c7967bb [INF] Executed action method "KU.WebAPI.Controllers.FormController.CheckDuplicate (KU.WebAPI)", returned result "Microsoft.AspNetCore.Mvc.OkObjectResult" in 4087.3044ms. (50a9e262)
2020-12-06T16:24:35.4716117+04:00 80000024-0004-f900-b63f-84710c7967bb [INF] Executing ObjectResult, writing value of type '"KU.Repositories.Models.GenericResultWrap"'. (8a1b66c8)
2020-12-06T16:24:35.4836404+04:00 80000024-0004-f900-b63f-84710c7967bb [INF] Executed action "KU.WebAPI.Controllers.FormController.CheckDuplicate (KU.WebAPI)" in 4135.9166ms (afa2e885)
2020-12-06T16:24:35.4871971+04:00 80000024-0004-f900-b63f-84710c7967bb [INF] Executed endpoint '"KU.WebAPI.Controllers.FormController.CheckDuplicate (KU.WebAPI)"' (99874f2b)
2020-12-06T16:24:35.4906360+04:00 80000024-0004-f900-b63f-84710c7967bb [INF] Request finished in 4240.4593ms 200 application/json; charset=utf-8 (791a596a)
2020-12-06T16:25:16.7611879+04:00 80000011-0003-ff00-b63f-84710c7967bb [INF] Request starting HTTP/2.0 GET https://localhost:44317/index.html   (ca22a1cb)
2020-12-06T16:25:17.2280644+04:00 80000011-0003-ff00-b63f-84710c7967bb [INF] Request finished in 477.2356ms 200 text/html (791a596a)
2020-12-06T16:25:17.4752217+04:00 80000008-0000-fc00-b63f-84710c7967bb [INF] Request starting HTTP/2.0 GET https://localhost:44317/swagger/v1/swagger.json   (ca22a1cb)
2020-12-06T16:25:17.6591502+04:00 80000008-0000-fc00-b63f-84710c7967bb [INF] Request finished in 182.3584ms 200 application/json;charset=utf-8 (791a596a)
2020-12-06T16:26:52.0915941+04:00 80000013-0001-ff00-b63f-84710c7967bb [INF] Request starting HTTP/2.0 POST https://localhost:44317/api/Form/ImportSample?UserName=ca1 application/json-patch+json 421 (ca22a1cb)
2020-12-06T16:26:52.0980075+04:00 80000013-0001-ff00-b63f-84710c7967bb [INF] CORS policy execution successful. (5409d6ef)
2020-12-06T16:26:52.1508556+04:00 80000013-0001-ff00-b63f-84710c7967bb [INF] Executing endpoint '"KU.WebAPI.Controllers.FormController.ImportSample (KU.WebAPI)"' (500cc934)
2020-12-06T16:26:52.1804528+04:00 80000013-0001-ff00-b63f-84710c7967bb [INF] Route matched with "{action = \"ImportSample\", controller = \"Form\"}". Executing controller action with signature "System.Threading.Tasks.Task`1[Microsoft.AspNetCore.Mvc.IActionResult] ImportSample(System.Collections.Generic.List`1[KU.Repositories.Models.SampleForm], System.String)" on controller "KU.WebAPI.Controllers.FormController" ("KU.WebAPI"). (122b2fdf)
2020-12-06T16:26:52.1861870+04:00 80000013-0001-ff00-b63f-84710c7967bb [WRN] The CORS protocol does not allow specifying a wildcard (any) origin and credentials at the same time. Configure the policy by listing individual origins if credentials needs to be supported. (6e5ffae2)
2020-12-06T16:26:52.1892098+04:00 80000013-0001-ff00-b63f-84710c7967bb [INF] CORS policy execution successful. (5409d6ef)
2020-12-06T16:26:52.2302932+04:00 80000013-0001-ff00-b63f-84710c7967bb [INF] Executing action method "KU.WebAPI.Controllers.FormController.ImportSample (KU.WebAPI)" - Validation state: Valid (dad538d7)
2020-12-06T16:26:52.6199442+04:00 80000013-0001-ff00-b63f-84710c7967bb [INF] Entity Framework Core "2.2.6-servicing-10079" initialized '"ApplicationDbContext"' using provider '"Microsoft.EntityFrameworkCore.SqlServer"' with options: "MigrationsAssembly=KU.WebAPI " (9958f5bb)
2020-12-06T16:26:59.0882374+04:00 80000013-0001-ff00-b63f-84710c7967bb [ERR] Failed executing DbCommand ("200"ms) [Parameters=["@p0='?' (Size = 4000), @p1='?' (Size = 4000)"], CommandType='Text', CommandTimeout='30']"
""Sp_importSample @p0,@p1" (627a98df)
System.Data.SqlClient.SqlException (0x80131904): Subquery returned more than 1 value. This is not permitted when the subquery follows =, !=, <, <= , >, >= or when the subquery is used as an expression.
The INSERT statement conflicted with the FOREIGN KEY constraint "FK_FormAttributeValue_Files_SavedForm". The conflict occurred in database "KhalifaLIMS", table "dbo.SavedForm", column 'SavedFormID'.
Subquery returned more than 1 value. This is not permitted when the subquery follows =, !=, <, <= , >, >= or when the subquery is used as an expression.
The INSERT statement conflicted with the FOREIGN KEY constraint "FK_FormAttributeValue_Files_SavedForm". The conflict occurred in database "KhalifaLIMS", table "dbo.SavedForm", column 'SavedFormID'.
The statement has been terminated.
The statement has been terminated.
   at System.Data.SqlClient.SqlConnection.OnError(SqlException exception, Boolean breakConnection, Action`1 wrapCloseInAction)
   at System.Data.SqlClient.SqlInternalConnection.OnError(SqlException exception, Boolean breakConnection, Action`1 wrapCloseInAction)
   at System.Data.SqlClient.TdsParser.ThrowExceptionAndWarning(TdsParserStateObject stateObj, Boolean callerHasConnectionLock, Boolean asyncClose)
   at System.Data.SqlClient.TdsParser.TryRun(RunBehavior runBehavior, SqlCommand cmdHandler, SqlDataReader dataStream, BulkCopySimpleResultSet bulkCopyHandler, TdsParserStateObject stateObj, Boolean& dataReady)
   at System.Data.SqlClient.SqlDataReader.TryConsumeMetaData()
   at System.Data.SqlClient.SqlDataReader.get_MetaData()
   at System.Data.SqlClient.SqlCommand.FinishExecuteReader(SqlDataReader ds, RunBehavior runBehavior, String resetOptionsString)
   at System.Data.SqlClient.SqlCommand.RunExecuteReaderTds(CommandBehavior cmdBehavior, RunBehavior runBehavior, Boolean returnStream, Boolean async, Int32 timeout, Task& task, Boolean asyncWrite, SqlDataReader ds)
   at System.Data.SqlClient.SqlCommand.RunExecuteReader(CommandBehavior cmdBehavior, RunBehavior runBehavior, Boolean returnStream, TaskCompletionSource`1 completion, Int32 timeout, Task& task, Boolean asyncWrite, String method)
   at System.Data.SqlClient.SqlCommand.ExecuteReader(CommandBehavior behavior)
   at System.Data.SqlClient.SqlCommand.ExecuteDbDataReader(CommandBehavior behavior)
   at System.Data.Common.DbCommand.ExecuteReader()
   at Microsoft.EntityFrameworkCore.Storage.Internal.RelationalCommand.Execute(IRelationalConnection connection, DbCommandMethod executeMethod, IReadOnlyDictionary`2 parameterValues)
   at Microsoft.EntityFrameworkCore.Storage.Internal.RelationalCommand.ExecuteReader(IRelationalConnection connection, IReadOnlyDictionary`2 parameterValues)
   at Microsoft.EntityFrameworkCore.Query.Internal.QueryingEnumerable`1.Enumerator.BufferlessMoveNext(DbContext _, Boolean buffer)
ClientConnectionId:d25ae1f9-4574-4bbe-9498-55f6e15fa4e2
Error Number:512,State:1,Class:16
2020-12-06T16:26:59.1030000+04:00 80000013-0001-ff00-b63f-84710c7967bb [ERR] An exception occurred while iterating over the results of a query for context type '"KU.Repositories.ApplicationDbContext"'."
""System.Data.SqlClient.SqlException (0x80131904): Subquery returned more than 1 value. This is not permitted when the subquery follows =, !=, <, <= , >, >= or when the subquery is used as an expression.
The INSERT statement conflicted with the FOREIGN KEY constraint \"FK_FormAttributeValue_Files_SavedForm\". The conflict occurred in database \"KhalifaLIMS\", table \"dbo.SavedForm\", column 'SavedFormID'.
Subquery returned more than 1 value. This is not permitted when the subquery follows =, !=, <, <= , >, >= or when the subquery is used as an expression.
The INSERT statement conflicted with the FOREIGN KEY constraint \"FK_FormAttributeValue_Files_SavedForm\". The conflict occurred in database \"KhalifaLIMS\", table \"dbo.SavedForm\", column 'SavedFormID'.
The statement has been terminated.
The statement has been terminated.
   at System.Data.SqlClient.SqlConnection.OnError(SqlException exception, Boolean breakConnection, Action`1 wrapCloseInAction)
   at System.Data.SqlClient.SqlInternalConnection.OnError(SqlException exception, Boolean breakConnection, Action`1 wrapCloseInAction)
   at System.Data.SqlClient.TdsParser.ThrowExceptionAndWarning(TdsParserStateObject stateObj, Boolean callerHasConnectionLock, Boolean asyncClose)
   at System.Data.SqlClient.TdsParser.TryRun(RunBehavior runBehavior, SqlCommand cmdHandler, SqlDataReader dataStream, BulkCopySimpleResultSet bulkCopyHandler, TdsParserStateObject stateObj, Boolean& dataReady)
   at System.Data.SqlClient.SqlDataReader.TryConsumeMetaData()
   at System.Data.SqlClient.SqlDataReader.get_MetaData()
   at System.Data.SqlClient.SqlCommand.FinishExecuteReader(SqlDataReader ds, RunBehavior runBehavior, String resetOptionsString)
   at System.Data.SqlClient.SqlCommand.RunExecuteReaderTds(CommandBehavior cmdBehavior, RunBehavior runBehavior, Boolean returnStream, Boolean async, Int32 timeout, Task& task, Boolean asyncWrite, SqlDataReader ds)
   at System.Data.SqlClient.SqlCommand.RunExecuteReader(CommandBehavior cmdBehavior, RunBehavior runBehavior, Boolean returnStream, TaskCompletionSource`1 completion, Int32 timeout, Task& task, Boolean asyncWrite, String method)
   at System.Data.SqlClient.SqlCommand.ExecuteReader(CommandBehavior behavior)
   at System.Data.SqlClient.SqlCommand.ExecuteDbDataReader(CommandBehavior behavior)
   at System.Data.Common.DbCommand.ExecuteReader()
   at Microsoft.EntityFrameworkCore.Storage.Internal.RelationalCommand.Execute(IRelationalConnection connection, DbCommandMethod executeMethod, IReadOnlyDictionary`2 parameterValues)
   at Microsoft.EntityFrameworkCore.Storage.Internal.RelationalCommand.ExecuteReader(IRelationalConnection connection, IReadOnlyDictionary`2 parameterValues)
   at Microsoft.EntityFrameworkCore.Query.Internal.QueryingEnumerable`1.Enumerator.BufferlessMoveNext(DbContext _, Boolean buffer)
   at Microsoft.EntityFrameworkCore.SqlServer.Storage.Internal.SqlServerExecutionStrategy.Execute[TState,TResult](TState state, Func`3 operation, Func`3 verifySucceeded)
   at Microsoft.EntityFrameworkCore.Query.Internal.QueryingEnumerable`1.Enumerator.MoveNext()
   at Microsoft.EntityFrameworkCore.Query.Internal.LinqOperatorProvider._TrackEntities[TOut,TIn](IEnumerable`1 results, QueryContext queryContext, IList`1 entityTrackingInfos, IList`1 entityAccessors)+MoveNext()
   at Microsoft.EntityFrameworkCore.Query.Internal.LinqOperatorProvider.ExceptionInterceptor`1.EnumeratorExceptionInterceptor.MoveNext()
ClientConnectionId:d25ae1f9-4574-4bbe-9498-55f6e15fa4e2
Error Number:512,State:1,Class:16" (f5c7ac34)
System.Data.SqlClient.SqlException (0x80131904): Subquery returned more than 1 value. This is not permitted when the subquery follows =, !=, <, <= , >, >= or when the subquery is used as an expression.
The INSERT statement conflicted with the FOREIGN KEY constraint "FK_FormAttributeValue_Files_SavedForm". The conflict occurred in database "KhalifaLIMS", table "dbo.SavedForm", column 'SavedFormID'.
Subquery returned more than 1 value. This is not permitted when the subquery follows =, !=, <, <= , >, >= or when the subquery is used as an expression.
The INSERT statement conflicted with the FOREIGN KEY constraint "FK_FormAttributeValue_Files_SavedForm". The conflict occurred in database "KhalifaLIMS", table "dbo.SavedForm", column 'SavedFormID'.
The statement has been terminated.
The statement has been terminated.
   at System.Data.SqlClient.SqlConnection.OnError(SqlException exception, Boolean breakConnection, Action`1 wrapCloseInAction)
   at System.Data.SqlClient.SqlInternalConnection.OnError(SqlException exception, Boolean breakConnection, Action`1 wrapCloseInAction)
   at System.Data.SqlClient.TdsParser.ThrowExceptionAndWarning(TdsParserStateObject stateObj, Boolean callerHasConnectionLock, Boolean asyncClose)
   at System.Data.SqlClient.TdsParser.TryRun(RunBehavior runBehavior, SqlCommand cmdHandler, SqlDataReader dataStream, BulkCopySimpleResultSet bulkCopyHandler, TdsParserStateObject stateObj, Boolean& dataReady)
   at System.Data.SqlClient.SqlDataReader.TryConsumeMetaData()
   at System.Data.SqlClient.SqlDataReader.get_MetaData()
   at System.Data.SqlClient.SqlCommand.FinishExecuteReader(SqlDataReader ds, RunBehavior runBehavior, String resetOptionsString)
   at System.Data.SqlClient.SqlCommand.RunExecuteReaderTds(CommandBehavior cmdBehavior, RunBehavior runBehavior, Boolean returnStream, Boolean async, Int32 timeout, Task& task, Boolean asyncWrite, SqlDataReader ds)
   at System.Data.SqlClient.SqlCommand.RunExecuteReader(CommandBehavior cmdBehavior, RunBehavior runBehavior, Boolean returnStream, TaskCompletionSource`1 completion, Int32 timeout, Task& task, Boolean asyncWrite, String method)
   at System.Data.SqlClient.SqlCommand.ExecuteReader(CommandBehavior behavior)
   at System.Data.SqlClient.SqlCommand.ExecuteDbDataReader(CommandBehavior behavior)
   at System.Data.Common.DbCommand.ExecuteReader()
   at Microsoft.EntityFrameworkCore.Storage.Internal.RelationalCommand.Execute(IRelationalConnection connection, DbCommandMethod executeMethod, IReadOnlyDictionary`2 parameterValues)
   at Microsoft.EntityFrameworkCore.Storage.Internal.RelationalCommand.ExecuteReader(IRelationalConnection connection, IReadOnlyDictionary`2 parameterValues)
   at Microsoft.EntityFrameworkCore.Query.Internal.QueryingEnumerable`1.Enumerator.BufferlessMoveNext(DbContext _, Boolean buffer)
   at Microsoft.EntityFrameworkCore.SqlServer.Storage.Internal.SqlServerExecutionStrategy.Execute[TState,TResult](TState state, Func`3 operation, Func`3 verifySucceeded)
   at Microsoft.EntityFrameworkCore.Query.Internal.QueryingEnumerable`1.Enumerator.MoveNext()
   at Microsoft.EntityFrameworkCore.Query.Internal.LinqOperatorProvider._TrackEntities[TOut,TIn](IEnumerable`1 results, QueryContext queryContext, IList`1 entityTrackingInfos, IList`1 entityAccessors)+MoveNext()
   at Microsoft.EntityFrameworkCore.Query.Internal.LinqOperatorProvider.ExceptionInterceptor`1.EnumeratorExceptionInterceptor.MoveNext()
   at System.Collections.Generic.List`1.AddEnumerable(IEnumerable`1 enumerable)
   at System.Linq.Enumerable.ToList[TSource](IEnumerable`1 source)
   at KU.Repositories.Implementations.GenericResultRepository.ImportSample(List`1 Model, String UserName) in C:\TCIT\Khalifa LIMS\GIT\API\KhalifaLIMSAPI\KU.Repositories\Implementations\GenericResultRepository.cs:line 120
   at KU.Services.Implementations.FormService.ImportSample(List`1 Model, String UserName) in C:\TCIT\Khalifa LIMS\GIT\API\KhalifaLIMSAPI\KU.Services\Implementations\FormService.cs:line 262
   at KU.WebAPI.Controllers.FormController.ImportSample(List`1 Model, String UserName) in C:\TCIT\Khalifa LIMS\GIT\API\KhalifaLIMSAPI\KU.WebAPI\Controllers\FormController.cs:line 514
ClientConnectionId:d25ae1f9-4574-4bbe-9498-55f6e15fa4e2
Error Number:512,State:1,Class:16
2020-12-06T16:26:59.1981992+04:00 80000013-0001-ff00-b63f-84710c7967bb [INF] Executed action "KU.WebAPI.Controllers.FormController.ImportSample (KU.WebAPI)" in 7001.8703ms (afa2e885)
2020-12-06T16:26:59.2064267+04:00 80000013-0001-ff00-b63f-84710c7967bb [INF] Executed endpoint '"KU.WebAPI.Controllers.FormController.ImportSample (KU.WebAPI)"' (99874f2b)
2020-12-06T16:26:59.2750470+04:00 80000013-0001-ff00-b63f-84710c7967bb [ERR] An unhandled exception has occurred while executing the request. (48a46595)
System.Data.SqlClient.SqlException (0x80131904): Subquery returned more than 1 value. This is not permitted when the subquery follows =, !=, <, <= , >, >= or when the subquery is used as an expression.
The INSERT statement conflicted with the FOREIGN KEY constraint "FK_FormAttributeValue_Files_SavedForm". The conflict occurred in database "KhalifaLIMS", table "dbo.SavedForm", column 'SavedFormID'.
Subquery returned more than 1 value. This is not permitted when the subquery follows =, !=, <, <= , >, >= or when the subquery is used as an expression.
The INSERT statement conflicted with the FOREIGN KEY constraint "FK_FormAttributeValue_Files_SavedForm". The conflict occurred in database "KhalifaLIMS", table "dbo.SavedForm", column 'SavedFormID'.
The statement has been terminated.
The statement has been terminated.
   at System.Data.SqlClient.SqlConnection.OnError(SqlException exception, Boolean breakConnection, Action`1 wrapCloseInAction)
   at System.Data.SqlClient.SqlInternalConnection.OnError(SqlException exception, Boolean breakConnection, Action`1 wrapCloseInAction)
   at System.Data.SqlClient.TdsParser.ThrowExceptionAndWarning(TdsParserStateObject stateObj, Boolean callerHasConnectionLock, Boolean asyncClose)
   at System.Data.SqlClient.TdsParser.TryRun(RunBehavior runBehavior, SqlCommand cmdHandler, SqlDataReader dataStream, BulkCopySimpleResultSet bulkCopyHandler, TdsParserStateObject stateObj, Boolean& dataReady)
   at System.Data.SqlClient.SqlDataReader.TryConsumeMetaData()
   at System.Data.SqlClient.SqlDataReader.get_MetaData()
   at System.Data.SqlClient.SqlCommand.FinishExecuteReader(SqlDataReader ds, RunBehavior runBehavior, String resetOptionsString)
   at System.Data.SqlClient.SqlCommand.RunExecuteReaderTds(CommandBehavior cmdBehavior, RunBehavior runBehavior, Boolean returnStream, Boolean async, Int32 timeout, Task& task, Boolean asyncWrite, SqlDataReader ds)
   at System.Data.SqlClient.SqlCommand.RunExecuteReader(CommandBehavior cmdBehavior, RunBehavior runBehavior, Boolean returnStream, TaskCompletionSource`1 completion, Int32 timeout, Task& task, Boolean asyncWrite, String method)
   at System.Data.SqlClient.SqlCommand.ExecuteReader(CommandBehavior behavior)
   at System.Data.SqlClient.SqlCommand.ExecuteDbDataReader(CommandBehavior behavior)
   at System.Data.Common.DbCommand.ExecuteReader()
   at Microsoft.EntityFrameworkCore.Storage.Internal.RelationalCommand.Execute(IRelationalConnection connection, DbCommandMethod executeMethod, IReadOnlyDictionary`2 parameterValues)
   at Microsoft.EntityFrameworkCore.Storage.Internal.RelationalCommand.ExecuteReader(IRelationalConnection connection, IReadOnlyDictionary`2 parameterValues)
   at Microsoft.EntityFrameworkCore.Query.Internal.QueryingEnumerable`1.Enumerator.BufferlessMoveNext(DbContext _, Boolean buffer)
   at Microsoft.EntityFrameworkCore.SqlServer.Storage.Internal.SqlServerExecutionStrategy.Execute[TState,TResult](TState state, Func`3 operation, Func`3 verifySucceeded)
   at Microsoft.EntityFrameworkCore.Query.Internal.QueryingEnumerable`1.Enumerator.MoveNext()
   at Microsoft.EntityFrameworkCore.Query.Internal.LinqOperatorProvider._TrackEntities[TOut,TIn](IEnumerable`1 results, QueryContext queryContext, IList`1 entityTrackingInfos, IList`1 entityAccessors)+MoveNext()
   at Microsoft.EntityFrameworkCore.Query.Internal.LinqOperatorProvider.ExceptionInterceptor`1.EnumeratorExceptionInterceptor.MoveNext()
   at System.Collections.Generic.List`1.AddEnumerable(IEnumerable`1 enumerable)
   at System.Linq.Enumerable.ToList[TSource](IEnumerable`1 source)
   at KU.Repositories.Implementations.GenericResultRepository.ImportSample(List`1 Model, String UserName) in C:\TCIT\Khalifa LIMS\GIT\API\KhalifaLIMSAPI\KU.Repositories\Implementations\GenericResultRepository.cs:line 120
   at KU.Services.Implementations.FormService.ImportSample(List`1 Model, String UserName) in C:\TCIT\Khalifa LIMS\GIT\API\KhalifaLIMSAPI\KU.Services\Implementations\FormService.cs:line 262
   at KU.WebAPI.Controllers.FormController.ImportSample(List`1 Model, String UserName) in C:\TCIT\Khalifa LIMS\GIT\API\KhalifaLIMSAPI\KU.WebAPI\Controllers\FormController.cs:line 514
   at Microsoft.AspNetCore.Mvc.Internal.ActionMethodExecutor.TaskOfIActionResultExecutor.Execute(IActionResultTypeMapper mapper, ObjectMethodExecutor executor, Object controller, Object[] arguments)
   at System.Threading.Tasks.ValueTask`1.get_Result()
   at Microsoft.AspNetCore.Mvc.Internal.ControllerActionInvoker.InvokeActionMethodAsync()
   at Microsoft.AspNetCore.Mvc.Internal.ControllerActionInvoker.InvokeNextActionFilterAsync()
   at Microsoft.AspNetCore.Mvc.Internal.ControllerActionInvoker.Rethrow(ActionExecutedContext context)
   at Microsoft.AspNetCore.Mvc.Internal.ControllerActionInvoker.Next(State& next, Scope& scope, Object& state, Boolean& isCompleted)
   at Microsoft.AspNetCore.Mvc.Internal.ControllerActionInvoker.InvokeInnerFilterAsync()
   at Microsoft.AspNetCore.Mvc.Internal.ResourceInvoker.InvokeNextResourceFilter()
   at Microsoft.AspNetCore.Mvc.Internal.ResourceInvoker.Rethrow(ResourceExecutedContext context)
   at Microsoft.AspNetCore.Mvc.Internal.ResourceInvoker.Next(State& next, Scope& scope, Object& state, Boolean& isCompleted)
   at Microsoft.AspNetCore.Mvc.Internal.ResourceInvoker.InvokeFilterPipelineAsync()
   at Microsoft.AspNetCore.Mvc.Internal.ResourceInvoker.InvokeAsync()
   at Microsoft.AspNetCore.Routing.EndpointMiddleware.Invoke(HttpContext httpContext)
   at Microsoft.AspNetCore.Routing.EndpointRoutingMiddleware.Invoke(HttpContext httpContext)
   at Microsoft.AspNetCore.StaticFiles.StaticFileMiddleware.Invoke(HttpContext context)
   at Swashbuckle.AspNetCore.SwaggerUI.SwaggerUIMiddleware.Invoke(HttpContext httpContext)
   at Swashbuckle.AspNetCore.Swagger.SwaggerMiddleware.Invoke(HttpContext httpContext, ISwaggerProvider swaggerProvider)
   at Microsoft.AspNetCore.Authentication.AuthenticationMiddleware.Invoke(HttpContext context)
   at Microsoft.AspNetCore.StaticFiles.StaticFileMiddleware.Invoke(HttpContext context)
   at Microsoft.AspNetCore.Cors.Infrastructure.CorsMiddleware.InvokeCore(HttpContext context)
   at Microsoft.AspNetCore.Diagnostics.DeveloperExceptionPageMiddleware.Invoke(HttpContext context)
ClientConnectionId:d25ae1f9-4574-4bbe-9498-55f6e15fa4e2
Error Number:512,State:1,Class:16
2020-12-06T16:26:59.5591027+04:00 80000013-0001-ff00-b63f-84710c7967bb [INF] Request finished in 7446.3118ms 500 text/html; charset=utf-8 (791a596a)
2020-12-06T16:33:32.2070529+04:00 80000015-0001-ff00-b63f-84710c7967bb [INF] Request starting HTTP/2.0 POST https://localhost:44317/api/Form/ImportSample?UserName=ca1 application/json-patch+json 770 (ca22a1cb)
2020-12-06T16:33:32.2125468+04:00 80000015-0001-ff00-b63f-84710c7967bb [INF] CORS policy execution successful. (5409d6ef)
2020-12-06T16:33:32.2246173+04:00 80000015-0001-ff00-b63f-84710c7967bb [INF] Executing endpoint '"KU.WebAPI.Controllers.FormController.ImportSample (KU.WebAPI)"' (500cc934)
2020-12-06T16:33:32.2279287+04:00 80000015-0001-ff00-b63f-84710c7967bb [INF] Route matched with "{action = \"ImportSample\", controller = \"Form\"}". Executing controller action with signature "System.Threading.Tasks.Task`1[Microsoft.AspNetCore.Mvc.IActionResult] ImportSample(System.Collections.Generic.List`1[KU.Repositories.Models.SampleForm], System.String)" on controller "KU.WebAPI.Controllers.FormController" ("KU.WebAPI"). (122b2fdf)
2020-12-06T16:33:32.2315590+04:00 80000015-0001-ff00-b63f-84710c7967bb [WRN] The CORS protocol does not allow specifying a wildcard (any) origin and credentials at the same time. Configure the policy by listing individual origins if credentials needs to be supported. (6e5ffae2)
2020-12-06T16:33:32.2345291+04:00 80000015-0001-ff00-b63f-84710c7967bb [INF] CORS policy execution successful. (5409d6ef)
2020-12-06T16:33:32.2448835+04:00 80000015-0001-ff00-b63f-84710c7967bb [INF] Executing action method "KU.WebAPI.Controllers.FormController.ImportSample (KU.WebAPI)" - Validation state: Valid (dad538d7)
2020-12-06T16:33:32.2614388+04:00 80000015-0001-ff00-b63f-84710c7967bb [INF] Entity Framework Core "2.2.6-servicing-10079" initialized '"ApplicationDbContext"' using provider '"Microsoft.EntityFrameworkCore.SqlServer"' with options: "MigrationsAssembly=KU.WebAPI " (9958f5bb)
2020-12-06T16:33:35.1021967+04:00 80000015-0001-ff00-b63f-84710c7967bb [INF] Executed DbCommand ("285"ms) [Parameters=["@p0='?' (Size = 4000), @p1='?' (Size = 4000)"], CommandType='Text', CommandTimeout='30']"
""Sp_importSample @p0,@p1" (0723d8ff)
2020-12-06T16:33:35.2087182+04:00 80000015-0001-ff00-b63f-84710c7967bb [INF] Executed action method "KU.WebAPI.Controllers.FormController.ImportSample (KU.WebAPI)", returned result "Microsoft.AspNetCore.Mvc.OkObjectResult" in 2956.8654ms. (50a9e262)
2020-12-06T16:33:35.2192298+04:00 80000015-0001-ff00-b63f-84710c7967bb [INF] Executing ObjectResult, writing value of type '"System.Collections.Generic.List`1[[KU.Repositories.Models.GenericResult, KU.Repositories, Version=1.0.0.0, Culture=neutral, PublicKeyToken=null]]"'. (8a1b66c8)
2020-12-06T16:33:35.2308543+04:00 80000015-0001-ff00-b63f-84710c7967bb [INF] Executed action "KU.WebAPI.Controllers.FormController.ImportSample (KU.WebAPI)" in 2999.544ms (afa2e885)
2020-12-06T16:33:35.2340014+04:00 80000015-0001-ff00-b63f-84710c7967bb [INF] Executed endpoint '"KU.WebAPI.Controllers.FormController.ImportSample (KU.WebAPI)"' (99874f2b)
2020-12-06T16:33:35.2374709+04:00 80000015-0001-ff00-b63f-84710c7967bb [INF] Request finished in 3031.3757ms 200 application/json; charset=utf-8 (791a596a)
2020-12-06T16:48:15.7093789+04:00 8000000f-0007-fb00-b63f-84710c7967bb [INF] Request starting HTTP/2.0 GET https://localhost:44317/index.html   (ca22a1cb)
2020-12-06T16:48:16.4808666+04:00 8000000f-0007-fb00-b63f-84710c7967bb [INF] Request finished in 782.293ms 200 text/html (791a596a)
2020-12-06T16:48:16.8651303+04:00 80000017-0001-ff00-b63f-84710c7967bb [INF] Request starting HTTP/2.0 GET https://localhost:44317/swagger/v1/swagger.json   (ca22a1cb)
2020-12-06T16:48:17.1914804+04:00 80000017-0001-ff00-b63f-84710c7967bb [INF] Request finished in 320.9272ms 200 application/json;charset=utf-8 (791a596a)
2020-12-06T16:48:51.0676207+04:00 80000023-0000-ff00-b63f-84710c7967bb [INF] Request starting HTTP/2.0 POST https://localhost:44317/api/Form/ImportSample?UserName=ca2 application/json-patch+json 452 (ca22a1cb)
2020-12-06T16:48:51.0744752+04:00 80000023-0000-ff00-b63f-84710c7967bb [INF] CORS policy execution successful. (5409d6ef)
2020-12-06T16:48:51.1273384+04:00 80000023-0000-ff00-b63f-84710c7967bb [INF] Executing endpoint '"KU.WebAPI.Controllers.FormController.ImportSample (KU.WebAPI)"' (500cc934)
2020-12-06T16:48:51.1657445+04:00 80000023-0000-ff00-b63f-84710c7967bb [INF] Route matched with "{action = \"ImportSample\", controller = \"Form\"}". Executing controller action with signature "System.Threading.Tasks.Task`1[Microsoft.AspNetCore.Mvc.IActionResult] ImportSample(System.Collections.Generic.List`1[KU.Repositories.Models.SampleForm], System.String)" on controller "KU.WebAPI.Controllers.FormController" ("KU.WebAPI"). (122b2fdf)
2020-12-06T16:48:51.1744171+04:00 80000023-0000-ff00-b63f-84710c7967bb [WRN] The CORS protocol does not allow specifying a wildcard (any) origin and credentials at the same time. Configure the policy by listing individual origins if credentials needs to be supported. (6e5ffae2)
2020-12-06T16:48:51.1783439+04:00 80000023-0000-ff00-b63f-84710c7967bb [INF] CORS policy execution successful. (5409d6ef)
2020-12-06T16:48:51.2325401+04:00 80000023-0000-ff00-b63f-84710c7967bb [INF] Executing action method "KU.WebAPI.Controllers.FormController.ImportSample (KU.WebAPI)" - Validation state: Valid (dad538d7)
2020-12-06T16:48:51.6048790+04:00 80000023-0000-ff00-b63f-84710c7967bb [INF] Entity Framework Core "2.2.6-servicing-10079" initialized '"ApplicationDbContext"' using provider '"Microsoft.EntityFrameworkCore.SqlServer"' with options: "MigrationsAssembly=KU.WebAPI " (9958f5bb)
2020-12-06T16:48:56.4666817+04:00 80000023-0000-ff00-b63f-84710c7967bb [INF] Executed DbCommand ("216"ms) [Parameters=["@p0='?' (Size = 4000), @p1='?' (Size = 4000)"], CommandType='Text', CommandTimeout='30']"
""Sp_importSample @p0,@p1" (0723d8ff)
2020-12-06T16:48:56.5099869+04:00 80000023-0000-ff00-b63f-84710c7967bb [INF] Executed action method "KU.WebAPI.Controllers.FormController.ImportSample (KU.WebAPI)", returned result "Microsoft.AspNetCore.Mvc.OkObjectResult" in 5270.9668ms. (50a9e262)
2020-12-06T16:48:56.5194695+04:00 80000023-0000-ff00-b63f-84710c7967bb [INF] Executing ObjectResult, writing value of type '"System.Collections.Generic.List`1[[KU.Repositories.Models.GenericResult, KU.Repositories, Version=1.0.0.0, Culture=neutral, PublicKeyToken=null]]"'. (8a1b66c8)
2020-12-06T16:48:56.5310588+04:00 80000023-0000-ff00-b63f-84710c7967bb [INF] Executed action "KU.WebAPI.Controllers.FormController.ImportSample (KU.WebAPI)" in 5359.0018ms (afa2e885)
2020-12-06T16:48:56.5350429+04:00 80000023-0000-ff00-b63f-84710c7967bb [INF] Executed endpoint '"KU.WebAPI.Controllers.FormController.ImportSample (KU.WebAPI)"' (99874f2b)
2020-12-06T16:48:56.5388872+04:00 80000023-0000-ff00-b63f-84710c7967bb [INF] Request finished in 5473.8333ms 200 application/json; charset=utf-8 (791a596a)
2020-12-06T17:58:07.2134337+04:00 80000010-0002-fb00-b63f-84710c7967bb [INF] Request starting HTTP/2.0 GET https://localhost:44317/index.html   (ca22a1cb)
2020-12-06T17:58:07.8381859+04:00 80000010-0002-fb00-b63f-84710c7967bb [INF] Request finished in 632.7942ms 200 text/html (791a596a)
2020-12-06T17:58:08.2232070+04:00 80000025-0000-ff00-b63f-84710c7967bb [INF] Request starting HTTP/2.0 GET https://localhost:44317/swagger/v1/swagger.json   (ca22a1cb)
2020-12-06T17:58:08.2868232+04:00 80000019-0001-ff00-b63f-84710c7967bb [INF] Request starting HTTP/2.0 GET https://localhost:44317/favicon-32x32.png   (ca22a1cb)
2020-12-06T17:58:08.3085754+04:00 80000019-0001-ff00-b63f-84710c7967bb [INF] Sending file. Request path: '"/favicon-32x32.png"'. Physical path: '"N/A"' (27b0a520)
2020-12-06T17:58:08.3146802+04:00 80000019-0001-ff00-b63f-84710c7967bb [INF] Request finished in 32.0062ms 200 image/png (791a596a)
2020-12-06T17:58:08.5392307+04:00 80000025-0000-ff00-b63f-84710c7967bb [INF] Request finished in 318.6888ms 200 application/json;charset=utf-8 (791a596a)
