2021-04-27T16:31:22.8905776+04:00 80000003-0001-fc00-b63f-84710c7967bb [INF] Request starting HTTP/2.0 GET https://localhost:44317/   (ca22a1cb)
2021-04-27T16:31:34.2267823+04:00 80000008-0005-fc00-b63f-84710c7967bb [INF] Request starting HTTP/2.0 GET https://localhost:44317/index.html   (ca22a1cb)
2021-04-27T16:31:34.7180450+04:00 80000003-0001-fc00-b63f-84710c7967bb [INF] Request finished in 11789.9795ms 301  (791a596a)
2021-04-27T16:31:36.2899053+04:00 80000008-0005-fc00-b63f-84710c7967bb [INF] Request finished in 2093.748ms 200 text/html (791a596a)
2021-04-27T16:31:36.3733695+04:00 80000002-0002-f700-b63f-84710c7967bb [INF] Request starting HTTP/2.0 GET https://localhost:44317/swagger-ui.css   (ca22a1cb)
2021-04-27T16:31:36.4001066+04:00 8000003e-0004-ff00-b63f-84710c7967bb [INF] Request starting HTTP/2.0 GET https://localhost:44317/swagger-ui-bundle.js   (ca22a1cb)
2021-04-27T16:31:36.7917307+04:00 80000032-0000-fb00-b63f-84710c7967bb [INF] Request starting HTTP/2.0 GET https://localhost:44317/swagger-ui-standalone-preset.js   (ca22a1cb)
2021-04-27T16:31:37.1973697+04:00 80000002-0002-f700-b63f-84710c7967bb [INF] Sending file. Request path: '"/swagger-ui.css"'. Physical path: '"N/A"' (27b0a520)
2021-04-27T16:31:37.2056883+04:00 80000002-0002-f700-b63f-84710c7967bb [INF] Request finished in 837.8634ms 200 text/css (791a596a)
2021-04-27T16:31:37.2734690+04:00 80000032-0000-fb00-b63f-84710c7967bb [INF] Sending file. Request path: '"/swagger-ui-standalone-preset.js"'. Physical path: '"N/A"' (27b0a520)
2021-04-27T16:31:37.2777367+04:00 80000032-0000-fb00-b63f-84710c7967bb [INF] Request finished in 489.2723ms 200 application/javascript (791a596a)
2021-04-27T16:31:37.4409873+04:00 8000003e-0004-ff00-b63f-84710c7967bb [INF] Sending file. Request path: '"/swagger-ui-bundle.js"'. Physical path: '"N/A"' (27b0a520)
2021-04-27T16:31:37.4457492+04:00 8000003e-0004-ff00-b63f-84710c7967bb [INF] Request finished in 1062.1698ms 200 application/javascript (791a596a)
2021-04-27T16:31:37.7934258+04:00 80000034-0000-fb00-b63f-84710c7967bb [INF] Request starting HTTP/2.0 GET https://localhost:44317/swagger/v1/swagger.json   (ca22a1cb)
2021-04-27T16:31:38.4756203+04:00 8000002b-0007-ff00-b63f-84710c7967bb [INF] Request starting HTTP/2.0 GET https://localhost:44317/favicon-32x32.png   (ca22a1cb)
2021-04-27T16:31:38.5410605+04:00 8000002b-0007-ff00-b63f-84710c7967bb [INF] Sending file. Request path: '"/favicon-32x32.png"'. Physical path: '"N/A"' (27b0a520)
2021-04-27T16:31:38.5464657+04:00 8000002b-0007-ff00-b63f-84710c7967bb [INF] Request finished in 124.1729ms 200 image/png (791a596a)
2021-04-27T16:31:41.1320133+04:00 80000034-0000-fb00-b63f-84710c7967bb [INF] Request finished in 3337.8601ms 200 application/json;charset=utf-8 (791a596a)
2021-04-27T16:42:54.6426529+04:00 8000001c-0006-fb00-b63f-84710c7967bb [INF] Request starting HTTP/2.0 GET https://localhost:44317/api/Chart/GetAllViralLoadChartData?ReportDateStart=2021%2F03%2F%2F21&ChartNumber=1   (ca22a1cb)
2021-04-27T16:42:55.0308158+04:00 8000001c-0006-fb00-b63f-84710c7967bb [INF] Executing endpoint '"KU.WebAPI.Controllers.ChartController.GetAllViralLoadChartData (KU.WebAPI)"' (500cc934)
2021-04-27T16:42:55.3709996+04:00 8000001c-0006-fb00-b63f-84710c7967bb [INF] Route matched with "{action = \"GetAllViralLoadChartData\", controller = \"Chart\"}". Executing controller action with signature "Microsoft.AspNetCore.Mvc.IActionResult GetAllViralLoadChartData(System.String, System.String, System.String, System.String)" on controller "KU.WebAPI.Controllers.ChartController" ("KU.WebAPI"). (122b2fdf)
2021-04-27T16:42:55.5473600+04:00 8000001c-0006-fb00-b63f-84710c7967bb [INF] Executing action method "KU.WebAPI.Controllers.ChartController.GetAllViralLoadChartData (KU.WebAPI)" - Validation state: Valid (dad538d7)
2021-04-27T16:42:58.1040964+04:00 8000001c-0006-fb00-b63f-84710c7967bb [INF] Entity Framework Core "2.2.6-servicing-10079" initialized '"ApplicationDbContext"' using provider '"Microsoft.EntityFrameworkCore.SqlServer"' with options: "MigrationsAssembly=KU.WebAPI " (9958f5bb)
2021-04-27T16:42:59.1332470+04:00 80000010-0001-fd00-b63f-84710c7967bb [INF] Request starting HTTP/2.0 GET https://localhost:44317/api/Chart/GetAllViralLoadChartData?ReportDateStart=2021%2F03%2F21&ChartNumber=1   (ca22a1cb)
2021-04-27T16:42:59.1424742+04:00 80000010-0001-fd00-b63f-84710c7967bb [INF] Executing endpoint '"KU.WebAPI.Controllers.ChartController.GetAllViralLoadChartData (KU.WebAPI)"' (500cc934)
2021-04-27T16:42:59.1733661+04:00 80000010-0001-fd00-b63f-84710c7967bb [INF] Route matched with "{action = \"GetAllViralLoadChartData\", controller = \"Chart\"}". Executing controller action with signature "Microsoft.AspNetCore.Mvc.IActionResult GetAllViralLoadChartData(System.String, System.String, System.String, System.String)" on controller "KU.WebAPI.Controllers.ChartController" ("KU.WebAPI"). (122b2fdf)
2021-04-27T16:42:59.1789012+04:00 80000010-0001-fd00-b63f-84710c7967bb [INF] Executing action method "KU.WebAPI.Controllers.ChartController.GetAllViralLoadChartData (KU.WebAPI)" - Validation state: Valid (dad538d7)
2021-04-27T16:42:59.1964793+04:00 80000010-0001-fd00-b63f-84710c7967bb [INF] Entity Framework Core "2.2.6-servicing-10079" initialized '"ApplicationDbContext"' using provider '"Microsoft.EntityFrameworkCore.SqlServer"' with options: "MigrationsAssembly=KU.WebAPI " (9958f5bb)
2021-04-27T16:43:00.0388487+04:00 8000001c-0006-fb00-b63f-84710c7967bb [INF] Executed DbCommand ("122"ms) [Parameters=["@p0='?' (Size = 4000), @p1='?', @p2='?', @p3='?' (Size = 4000)"], CommandType='Text', CommandTimeout='30']"
""sp_ViralLoadChartData @p0, @p1, @p2, @p3" (0723d8ff)
2021-04-27T16:43:00.2204330+04:00 80000010-0001-fd00-b63f-84710c7967bb [INF] Executed DbCommand ("96"ms) [Parameters=["@p0='?' (Size = 4000), @p1='?', @p2='?', @p3='?' (Size = 4000)"], CommandType='Text', CommandTimeout='30']"
""sp_ViralLoadChartData @p0, @p1, @p2, @p3" (0723d8ff)
2021-04-27T16:43:00.6908361+04:00 8000001c-0006-fb00-b63f-84710c7967bb [ERR] An exception occurred while iterating over the results of a query for context type '"KU.Repositories.ApplicationDbContext"'."
""System.Data.SqlClient.SqlException (0x80131904): The conversion of a varchar data type to a datetime data type resulted in an out-of-range value.
   at System.Data.SqlClient.SqlConnection.OnError(SqlException exception, Boolean breakConnection, Action`1 wrapCloseInAction)
   at System.Data.SqlClient.SqlInternalConnection.OnError(SqlException exception, Boolean breakConnection, Action`1 wrapCloseInAction)
   at System.Data.SqlClient.TdsParser.ThrowExceptionAndWarning(TdsParserStateObject stateObj, Boolean callerHasConnectionLock, Boolean asyncClose)
   at System.Data.SqlClient.TdsParser.TryRun(RunBehavior runBehavior, SqlCommand cmdHandler, SqlDataReader dataStream, BulkCopySimpleResultSet bulkCopyHandler, TdsParserStateObject stateObj, Boolean& dataReady)
   at System.Data.SqlClient.SqlDataReader.TryHasMoreRows(Boolean& moreRows)
   at System.Data.SqlClient.SqlDataReader.TryReadInternal(Boolean setTimeout, Boolean& more)
   at System.Data.SqlClient.SqlDataReader.Read()
   at Microsoft.EntityFrameworkCore.Storage.RelationalDataReader.Read()
   at Microsoft.EntityFrameworkCore.Query.Internal.QueryingEnumerable`1.Enumerator.BufferlessMoveNext(DbContext _, Boolean buffer)
   at Microsoft.EntityFrameworkCore.SqlServer.Storage.Internal.SqlServerExecutionStrategy.Execute[TState,TResult](TState state, Func`3 operation, Func`3 verifySucceeded)
   at Microsoft.EntityFrameworkCore.Query.Internal.QueryingEnumerable`1.Enumerator.MoveNext()
   at Microsoft.EntityFrameworkCore.Query.Internal.LinqOperatorProvider._TrackEntities[TOut,TIn](IEnumerable`1 results, QueryContext queryContext, IList`1 entityTrackingInfos, IList`1 entityAccessors)+MoveNext()
   at Microsoft.EntityFrameworkCore.Query.Internal.LinqOperatorProvider.ExceptionInterceptor`1.EnumeratorExceptionInterceptor.MoveNext()
ClientConnectionId:e3314bc8-75a7-4ebd-8879-641e08fb86fc
Error Number:242,State:3,Class:16" (f5c7ac34)
System.Data.SqlClient.SqlException (0x80131904): The conversion of a varchar data type to a datetime data type resulted in an out-of-range value.
   at System.Data.SqlClient.SqlConnection.OnError(SqlException exception, Boolean breakConnection, Action`1 wrapCloseInAction)
   at System.Data.SqlClient.SqlInternalConnection.OnError(SqlException exception, Boolean breakConnection, Action`1 wrapCloseInAction)
   at System.Data.SqlClient.TdsParser.ThrowExceptionAndWarning(TdsParserStateObject stateObj, Boolean callerHasConnectionLock, Boolean asyncClose)
   at System.Data.SqlClient.TdsParser.TryRun(RunBehavior runBehavior, SqlCommand cmdHandler, SqlDataReader dataStream, BulkCopySimpleResultSet bulkCopyHandler, TdsParserStateObject stateObj, Boolean& dataReady)
   at System.Data.SqlClient.SqlDataReader.TryHasMoreRows(Boolean& moreRows)
   at System.Data.SqlClient.SqlDataReader.TryReadInternal(Boolean setTimeout, Boolean& more)
   at System.Data.SqlClient.SqlDataReader.Read()
   at Microsoft.EntityFrameworkCore.Storage.RelationalDataReader.Read()
   at Microsoft.EntityFrameworkCore.Query.Internal.QueryingEnumerable`1.Enumerator.BufferlessMoveNext(DbContext _, Boolean buffer)
   at Microsoft.EntityFrameworkCore.SqlServer.Storage.Internal.SqlServerExecutionStrategy.Execute[TState,TResult](TState state, Func`3 operation, Func`3 verifySucceeded)
   at Microsoft.EntityFrameworkCore.Query.Internal.QueryingEnumerable`1.Enumerator.MoveNext()
   at Microsoft.EntityFrameworkCore.Query.Internal.LinqOperatorProvider._TrackEntities[TOut,TIn](IEnumerable`1 results, QueryContext queryContext, IList`1 entityTrackingInfos, IList`1 entityAccessors)+MoveNext()
   at Microsoft.EntityFrameworkCore.Query.Internal.LinqOperatorProvider.ExceptionInterceptor`1.EnumeratorExceptionInterceptor.MoveNext()
ClientConnectionId:e3314bc8-75a7-4ebd-8879-641e08fb86fc
Error Number:242,State:3,Class:16
2021-04-27T16:43:00.6908734+04:00 80000010-0001-fd00-b63f-84710c7967bb [ERR] An exception occurred while iterating over the results of a query for context type '"KU.Repositories.ApplicationDbContext"'."
""System.Data.SqlClient.SqlException (0x80131904): The conversion of a varchar data type to a datetime data type resulted in an out-of-range value.
   at System.Data.SqlClient.SqlConnection.OnError(SqlException exception, Boolean breakConnection, Action`1 wrapCloseInAction)
   at System.Data.SqlClient.SqlInternalConnection.OnError(SqlException exception, Boolean breakConnection, Action`1 wrapCloseInAction)
   at System.Data.SqlClient.TdsParser.ThrowExceptionAndWarning(TdsParserStateObject stateObj, Boolean callerHasConnectionLock, Boolean asyncClose)
   at System.Data.SqlClient.TdsParser.TryRun(RunBehavior runBehavior, SqlCommand cmdHandler, SqlDataReader dataStream, BulkCopySimpleResultSet bulkCopyHandler, TdsParserStateObject stateObj, Boolean& dataReady)
   at System.Data.SqlClient.SqlDataReader.TryHasMoreRows(Boolean& moreRows)
   at System.Data.SqlClient.SqlDataReader.TryReadInternal(Boolean setTimeout, Boolean& more)
   at System.Data.SqlClient.SqlDataReader.Read()
   at Microsoft.EntityFrameworkCore.Storage.RelationalDataReader.Read()
   at Microsoft.EntityFrameworkCore.Query.Internal.QueryingEnumerable`1.Enumerator.BufferlessMoveNext(DbContext _, Boolean buffer)
   at Microsoft.EntityFrameworkCore.SqlServer.Storage.Internal.SqlServerExecutionStrategy.Execute[TState,TResult](TState state, Func`3 operation, Func`3 verifySucceeded)
   at Microsoft.EntityFrameworkCore.Query.Internal.QueryingEnumerable`1.Enumerator.MoveNext()
   at Microsoft.EntityFrameworkCore.Query.Internal.LinqOperatorProvider._TrackEntities[TOut,TIn](IEnumerable`1 results, QueryContext queryContext, IList`1 entityTrackingInfos, IList`1 entityAccessors)+MoveNext()
   at Microsoft.EntityFrameworkCore.Query.Internal.LinqOperatorProvider.ExceptionInterceptor`1.EnumeratorExceptionInterceptor.MoveNext()
ClientConnectionId:eb8af664-03b0-474d-98a5-5a5fc265c4ec
Error Number:242,State:3,Class:16" (f5c7ac34)
System.Data.SqlClient.SqlException (0x80131904): The conversion of a varchar data type to a datetime data type resulted in an out-of-range value.
   at System.Data.SqlClient.SqlConnection.OnError(SqlException exception, Boolean breakConnection, Action`1 wrapCloseInAction)
   at System.Data.SqlClient.SqlInternalConnection.OnError(SqlException exception, Boolean breakConnection, Action`1 wrapCloseInAction)
   at System.Data.SqlClient.TdsParser.ThrowExceptionAndWarning(TdsParserStateObject stateObj, Boolean callerHasConnectionLock, Boolean asyncClose)
   at System.Data.SqlClient.TdsParser.TryRun(RunBehavior runBehavior, SqlCommand cmdHandler, SqlDataReader dataStream, BulkCopySimpleResultSet bulkCopyHandler, TdsParserStateObject stateObj, Boolean& dataReady)
   at System.Data.SqlClient.SqlDataReader.TryHasMoreRows(Boolean& moreRows)
   at System.Data.SqlClient.SqlDataReader.TryReadInternal(Boolean setTimeout, Boolean& more)
   at System.Data.SqlClient.SqlDataReader.Read()
   at Microsoft.EntityFrameworkCore.Storage.RelationalDataReader.Read()
   at Microsoft.EntityFrameworkCore.Query.Internal.QueryingEnumerable`1.Enumerator.BufferlessMoveNext(DbContext _, Boolean buffer)
   at Microsoft.EntityFrameworkCore.SqlServer.Storage.Internal.SqlServerExecutionStrategy.Execute[TState,TResult](TState state, Func`3 operation, Func`3 verifySucceeded)
   at Microsoft.EntityFrameworkCore.Query.Internal.QueryingEnumerable`1.Enumerator.MoveNext()
   at Microsoft.EntityFrameworkCore.Query.Internal.LinqOperatorProvider._TrackEntities[TOut,TIn](IEnumerable`1 results, QueryContext queryContext, IList`1 entityTrackingInfos, IList`1 entityAccessors)+MoveNext()
   at Microsoft.EntityFrameworkCore.Query.Internal.LinqOperatorProvider.ExceptionInterceptor`1.EnumeratorExceptionInterceptor.MoveNext()
ClientConnectionId:eb8af664-03b0-474d-98a5-5a5fc265c4ec
Error Number:242,State:3,Class:16
2021-04-27T16:43:00.9813173+04:00 80000010-0001-fd00-b63f-84710c7967bb [INF] Executed action "KU.WebAPI.Controllers.ChartController.GetAllViralLoadChartData (KU.WebAPI)" in 1792.3798ms (afa2e885)
2021-04-27T16:43:00.9813111+04:00 8000001c-0006-fb00-b63f-84710c7967bb [INF] Executed action "KU.WebAPI.Controllers.ChartController.GetAllViralLoadChartData (KU.WebAPI)" in 5594.5961ms (afa2e885)
2021-04-27T16:43:00.9905765+04:00 8000001c-0006-fb00-b63f-84710c7967bb [INF] Executed endpoint '"KU.WebAPI.Controllers.ChartController.GetAllViralLoadChartData (KU.WebAPI)"' (99874f2b)
2021-04-27T16:43:00.9926984+04:00 80000010-0001-fd00-b63f-84710c7967bb [INF] Executed endpoint '"KU.WebAPI.Controllers.ChartController.GetAllViralLoadChartData (KU.WebAPI)"' (99874f2b)
2021-04-27T16:43:01.3666470+04:00 80000010-0001-fd00-b63f-84710c7967bb [ERR] An unhandled exception has occurred while executing the request. (48a46595)
System.Data.SqlClient.SqlException (0x80131904): The conversion of a varchar data type to a datetime data type resulted in an out-of-range value.
   at System.Data.SqlClient.SqlConnection.OnError(SqlException exception, Boolean breakConnection, Action`1 wrapCloseInAction)
   at System.Data.SqlClient.SqlInternalConnection.OnError(SqlException exception, Boolean breakConnection, Action`1 wrapCloseInAction)
   at System.Data.SqlClient.TdsParser.ThrowExceptionAndWarning(TdsParserStateObject stateObj, Boolean callerHasConnectionLock, Boolean asyncClose)
   at System.Data.SqlClient.TdsParser.TryRun(RunBehavior runBehavior, SqlCommand cmdHandler, SqlDataReader dataStream, BulkCopySimpleResultSet bulkCopyHandler, TdsParserStateObject stateObj, Boolean& dataReady)
   at System.Data.SqlClient.SqlDataReader.TryHasMoreRows(Boolean& moreRows)
   at System.Data.SqlClient.SqlDataReader.TryReadInternal(Boolean setTimeout, Boolean& more)
   at System.Data.SqlClient.SqlDataReader.Read()
   at Microsoft.EntityFrameworkCore.Storage.RelationalDataReader.Read()
   at Microsoft.EntityFrameworkCore.Query.Internal.QueryingEnumerable`1.Enumerator.BufferlessMoveNext(DbContext _, Boolean buffer)
   at Microsoft.EntityFrameworkCore.SqlServer.Storage.Internal.SqlServerExecutionStrategy.Execute[TState,TResult](TState state, Func`3 operation, Func`3 verifySucceeded)
   at Microsoft.EntityFrameworkCore.Query.Internal.QueryingEnumerable`1.Enumerator.MoveNext()
   at Microsoft.EntityFrameworkCore.Query.Internal.LinqOperatorProvider._TrackEntities[TOut,TIn](IEnumerable`1 results, QueryContext queryContext, IList`1 entityTrackingInfos, IList`1 entityAccessors)+MoveNext()
   at Microsoft.EntityFrameworkCore.Query.Internal.LinqOperatorProvider.ExceptionInterceptor`1.EnumeratorExceptionInterceptor.MoveNext()
   at System.Collections.Generic.List`1.AddEnumerable(IEnumerable`1 enumerable)
   at System.Linq.Enumerable.ToList[TSource](IEnumerable`1 source)
   at KU.Services.Implementations.ChartService.GetAllViralLoadChartData(String ReportDateStart, String CompanyName, String Emirate, String ChartNumber) in C:\TCIT\Khalifa LIMS\GIT\API\KhalifaLIMSAPI\KU.Services\Implementations\ChartService.cs:line 25
   at lambda_method(Closure , Object , Object[] )
   at Microsoft.Extensions.Internal.ObjectMethodExecutor.Execute(Object target, Object[] parameters)
   at Microsoft.AspNetCore.Mvc.Internal.ActionMethodExecutor.SyncActionResultExecutor.Execute(IActionResultTypeMapper mapper, ObjectMethodExecutor executor, Object controller, Object[] arguments)
   at Microsoft.AspNetCore.Mvc.Internal.ControllerActionInvoker.InvokeActionMethodAsync()
   at Microsoft.AspNetCore.Mvc.Internal.ControllerActionInvoker.InvokeNextActionFilterAsync()
   at Microsoft.AspNetCore.Mvc.Internal.ControllerActionInvoker.Rethrow(ActionExecutedContext context)
   at Microsoft.AspNetCore.Mvc.Internal.ControllerActionInvoker.Next(State& next, Scope& scope, Object& state, Boolean& isCompleted)
   at Microsoft.AspNetCore.Mvc.Internal.ControllerActionInvoker.InvokeInnerFilterAsync()
   at Microsoft.AspNetCore.Mvc.Internal.ResourceInvoker.InvokeNextResourceFilter()
   at Microsoft.AspNetCore.Mvc.Internal.ResourceInvoker.Rethrow(ResourceExecutedContext context)
   at Microsoft.AspNetCore.Mvc.Internal.ResourceInvoker.Next(State& next, Scope& scope, Object& state, Boolean& isCompleted)
   at Microsoft.AspNetCore.Mvc.Internal.ResourceInvoker.InvokeFilterPipelineAsync()
   at Microsoft.AspNetCore.Mvc.Internal.ResourceInvoker.InvokeAsync()
   at Microsoft.AspNetCore.Routing.EndpointMiddleware.Invoke(HttpContext httpContext)
   at Microsoft.AspNetCore.Routing.EndpointRoutingMiddleware.Invoke(HttpContext httpContext)
   at Microsoft.AspNetCore.StaticFiles.StaticFileMiddleware.Invoke(HttpContext context)
   at Swashbuckle.AspNetCore.SwaggerUI.SwaggerUIMiddleware.Invoke(HttpContext httpContext)
   at Swashbuckle.AspNetCore.Swagger.SwaggerMiddleware.Invoke(HttpContext httpContext, ISwaggerProvider swaggerProvider)
   at Microsoft.AspNetCore.Authentication.AuthenticationMiddleware.Invoke(HttpContext context)
   at Microsoft.AspNetCore.StaticFiles.StaticFileMiddleware.Invoke(HttpContext context)
   at Microsoft.AspNetCore.Diagnostics.DeveloperExceptionPageMiddleware.Invoke(HttpContext context)
ClientConnectionId:eb8af664-03b0-474d-98a5-5a5fc265c4ec
Error Number:242,State:3,Class:16
2021-04-27T16:43:01.3668128+04:00 8000001c-0006-fb00-b63f-84710c7967bb [ERR] An unhandled exception has occurred while executing the request. (48a46595)
System.Data.SqlClient.SqlException (0x80131904): The conversion of a varchar data type to a datetime data type resulted in an out-of-range value.
   at System.Data.SqlClient.SqlConnection.OnError(SqlException exception, Boolean breakConnection, Action`1 wrapCloseInAction)
   at System.Data.SqlClient.SqlInternalConnection.OnError(SqlException exception, Boolean breakConnection, Action`1 wrapCloseInAction)
   at System.Data.SqlClient.TdsParser.ThrowExceptionAndWarning(TdsParserStateObject stateObj, Boolean callerHasConnectionLock, Boolean asyncClose)
   at System.Data.SqlClient.TdsParser.TryRun(RunBehavior runBehavior, SqlCommand cmdHandler, SqlDataReader dataStream, BulkCopySimpleResultSet bulkCopyHandler, TdsParserStateObject stateObj, Boolean& dataReady)
   at System.Data.SqlClient.SqlDataReader.TryHasMoreRows(Boolean& moreRows)
   at System.Data.SqlClient.SqlDataReader.TryReadInternal(Boolean setTimeout, Boolean& more)
   at System.Data.SqlClient.SqlDataReader.Read()
   at Microsoft.EntityFrameworkCore.Storage.RelationalDataReader.Read()
   at Microsoft.EntityFrameworkCore.Query.Internal.QueryingEnumerable`1.Enumerator.BufferlessMoveNext(DbContext _, Boolean buffer)
   at Microsoft.EntityFrameworkCore.SqlServer.Storage.Internal.SqlServerExecutionStrategy.Execute[TState,TResult](TState state, Func`3 operation, Func`3 verifySucceeded)
   at Microsoft.EntityFrameworkCore.Query.Internal.QueryingEnumerable`1.Enumerator.MoveNext()
   at Microsoft.EntityFrameworkCore.Query.Internal.LinqOperatorProvider._TrackEntities[TOut,TIn](IEnumerable`1 results, QueryContext queryContext, IList`1 entityTrackingInfos, IList`1 entityAccessors)+MoveNext()
   at Microsoft.EntityFrameworkCore.Query.Internal.LinqOperatorProvider.ExceptionInterceptor`1.EnumeratorExceptionInterceptor.MoveNext()
   at System.Collections.Generic.List`1.AddEnumerable(IEnumerable`1 enumerable)
   at System.Linq.Enumerable.ToList[TSource](IEnumerable`1 source)
   at KU.Services.Implementations.ChartService.GetAllViralLoadChartData(String ReportDateStart, String CompanyName, String Emirate, String ChartNumber) in C:\TCIT\Khalifa LIMS\GIT\API\KhalifaLIMSAPI\KU.Services\Implementations\ChartService.cs:line 25
   at lambda_method(Closure , Object , Object[] )
   at Microsoft.Extensions.Internal.ObjectMethodExecutor.Execute(Object target, Object[] parameters)
   at Microsoft.AspNetCore.Mvc.Internal.ActionMethodExecutor.SyncActionResultExecutor.Execute(IActionResultTypeMapper mapper, ObjectMethodExecutor executor, Object controller, Object[] arguments)
   at Microsoft.AspNetCore.Mvc.Internal.ControllerActionInvoker.InvokeActionMethodAsync()
   at Microsoft.AspNetCore.Mvc.Internal.ControllerActionInvoker.InvokeNextActionFilterAsync()
   at Microsoft.AspNetCore.Mvc.Internal.ControllerActionInvoker.Rethrow(ActionExecutedContext context)
   at Microsoft.AspNetCore.Mvc.Internal.ControllerActionInvoker.Next(State& next, Scope& scope, Object& state, Boolean& isCompleted)
   at Microsoft.AspNetCore.Mvc.Internal.ControllerActionInvoker.InvokeInnerFilterAsync()
   at Microsoft.AspNetCore.Mvc.Internal.ResourceInvoker.InvokeNextResourceFilter()
   at Microsoft.AspNetCore.Mvc.Internal.ResourceInvoker.Rethrow(ResourceExecutedContext context)
   at Microsoft.AspNetCore.Mvc.Internal.ResourceInvoker.Next(State& next, Scope& scope, Object& state, Boolean& isCompleted)
   at Microsoft.AspNetCore.Mvc.Internal.ResourceInvoker.InvokeFilterPipelineAsync()
   at Microsoft.AspNetCore.Mvc.Internal.ResourceInvoker.InvokeAsync()
   at Microsoft.AspNetCore.Routing.EndpointMiddleware.Invoke(HttpContext httpContext)
   at Microsoft.AspNetCore.Routing.EndpointRoutingMiddleware.Invoke(HttpContext httpContext)
   at Microsoft.AspNetCore.StaticFiles.StaticFileMiddleware.Invoke(HttpContext context)
   at Swashbuckle.AspNetCore.SwaggerUI.SwaggerUIMiddleware.Invoke(HttpContext httpContext)
   at Swashbuckle.AspNetCore.Swagger.SwaggerMiddleware.Invoke(HttpContext httpContext, ISwaggerProvider swaggerProvider)
   at Microsoft.AspNetCore.Authentication.AuthenticationMiddleware.Invoke(HttpContext context)
   at Microsoft.AspNetCore.StaticFiles.StaticFileMiddleware.Invoke(HttpContext context)
   at Microsoft.AspNetCore.Diagnostics.DeveloperExceptionPageMiddleware.Invoke(HttpContext context)
ClientConnectionId:e3314bc8-75a7-4ebd-8879-641e08fb86fc
Error Number:242,State:3,Class:16
2021-04-27T16:43:01.6477908+04:00 80000010-0001-fd00-b63f-84710c7967bb [INF] Request finished in 2511.3878ms 500 text/html; charset=utf-8 (791a596a)
2021-04-27T16:43:01.6488729+04:00 8000001c-0006-fb00-b63f-84710c7967bb [INF] Request finished in 7002.1436ms 500 text/html; charset=utf-8 (791a596a)
2021-04-27T16:43:27.8086159+04:00 80000004-0002-f700-b63f-84710c7967bb [INF] Request starting HTTP/2.0 GET https://localhost:44317/api/Chart/GetAllViralLoadChartData?ReportDateStart=2021%2F03%2F21&ChartNumber=1   (ca22a1cb)
2021-04-27T16:43:27.8125515+04:00 80000004-0002-f700-b63f-84710c7967bb [INF] Executing endpoint '"KU.WebAPI.Controllers.ChartController.GetAllViralLoadChartData (KU.WebAPI)"' (500cc934)
2021-04-27T16:43:27.8160674+04:00 80000004-0002-f700-b63f-84710c7967bb [INF] Route matched with "{action = \"GetAllViralLoadChartData\", controller = \"Chart\"}". Executing controller action with signature "Microsoft.AspNetCore.Mvc.IActionResult GetAllViralLoadChartData(System.String, System.String, System.String, System.String)" on controller "KU.WebAPI.Controllers.ChartController" ("KU.WebAPI"). (122b2fdf)
2021-04-27T16:43:27.8195752+04:00 80000004-0002-f700-b63f-84710c7967bb [INF] Executing action method "KU.WebAPI.Controllers.ChartController.GetAllViralLoadChartData (KU.WebAPI)" - Validation state: Valid (dad538d7)
2021-04-27T16:43:27.8863711+04:00 80000004-0002-f700-b63f-84710c7967bb [INF] Entity Framework Core "2.2.6-servicing-10079" initialized '"ApplicationDbContext"' using provider '"Microsoft.EntityFrameworkCore.SqlServer"' with options: "MigrationsAssembly=KU.WebAPI " (9958f5bb)
2021-04-27T16:43:28.0010318+04:00 80000004-0002-f700-b63f-84710c7967bb [INF] Executed DbCommand ("96"ms) [Parameters=["@p0='?' (Size = 4000), @p1='?', @p2='?', @p3='?' (Size = 4000)"], CommandType='Text', CommandTimeout='30']"
""sp_ViralLoadChartData @p0, @p1, @p2, @p3" (0723d8ff)
2021-04-27T16:43:28.0237925+04:00 80000004-0002-f700-b63f-84710c7967bb [ERR] An exception occurred while iterating over the results of a query for context type '"KU.Repositories.ApplicationDbContext"'."
""System.Data.SqlClient.SqlException (0x80131904): The conversion of a varchar data type to a datetime data type resulted in an out-of-range value.
   at System.Data.SqlClient.SqlConnection.OnError(SqlException exception, Boolean breakConnection, Action`1 wrapCloseInAction)
   at System.Data.SqlClient.SqlInternalConnection.OnError(SqlException exception, Boolean breakConnection, Action`1 wrapCloseInAction)
   at System.Data.SqlClient.TdsParser.ThrowExceptionAndWarning(TdsParserStateObject stateObj, Boolean callerHasConnectionLock, Boolean asyncClose)
   at System.Data.SqlClient.TdsParser.TryRun(RunBehavior runBehavior, SqlCommand cmdHandler, SqlDataReader dataStream, BulkCopySimpleResultSet bulkCopyHandler, TdsParserStateObject stateObj, Boolean& dataReady)
   at System.Data.SqlClient.SqlDataReader.TryHasMoreRows(Boolean& moreRows)
   at System.Data.SqlClient.SqlDataReader.TryReadInternal(Boolean setTimeout, Boolean& more)
   at System.Data.SqlClient.SqlDataReader.Read()
   at Microsoft.EntityFrameworkCore.Storage.RelationalDataReader.Read()
   at Microsoft.EntityFrameworkCore.Query.Internal.QueryingEnumerable`1.Enumerator.BufferlessMoveNext(DbContext _, Boolean buffer)
   at Microsoft.EntityFrameworkCore.SqlServer.Storage.Internal.SqlServerExecutionStrategy.Execute[TState,TResult](TState state, Func`3 operation, Func`3 verifySucceeded)
   at Microsoft.EntityFrameworkCore.Query.Internal.QueryingEnumerable`1.Enumerator.MoveNext()
   at Microsoft.EntityFrameworkCore.Query.Internal.LinqOperatorProvider._TrackEntities[TOut,TIn](IEnumerable`1 results, QueryContext queryContext, IList`1 entityTrackingInfos, IList`1 entityAccessors)+MoveNext()
   at Microsoft.EntityFrameworkCore.Query.Internal.LinqOperatorProvider.ExceptionInterceptor`1.EnumeratorExceptionInterceptor.MoveNext()
ClientConnectionId:eb8af664-03b0-474d-98a5-5a5fc265c4ec
Error Number:242,State:3,Class:16" (f5c7ac34)
System.Data.SqlClient.SqlException (0x80131904): The conversion of a varchar data type to a datetime data type resulted in an out-of-range value.
   at System.Data.SqlClient.SqlConnection.OnError(SqlException exception, Boolean breakConnection, Action`1 wrapCloseInAction)
   at System.Data.SqlClient.SqlInternalConnection.OnError(SqlException exception, Boolean breakConnection, Action`1 wrapCloseInAction)
   at System.Data.SqlClient.TdsParser.ThrowExceptionAndWarning(TdsParserStateObject stateObj, Boolean callerHasConnectionLock, Boolean asyncClose)
   at System.Data.SqlClient.TdsParser.TryRun(RunBehavior runBehavior, SqlCommand cmdHandler, SqlDataReader dataStream, BulkCopySimpleResultSet bulkCopyHandler, TdsParserStateObject stateObj, Boolean& dataReady)
   at System.Data.SqlClient.SqlDataReader.TryHasMoreRows(Boolean& moreRows)
   at System.Data.SqlClient.SqlDataReader.TryReadInternal(Boolean setTimeout, Boolean& more)
   at System.Data.SqlClient.SqlDataReader.Read()
   at Microsoft.EntityFrameworkCore.Storage.RelationalDataReader.Read()
   at Microsoft.EntityFrameworkCore.Query.Internal.QueryingEnumerable`1.Enumerator.BufferlessMoveNext(DbContext _, Boolean buffer)
   at Microsoft.EntityFrameworkCore.SqlServer.Storage.Internal.SqlServerExecutionStrategy.Execute[TState,TResult](TState state, Func`3 operation, Func`3 verifySucceeded)
   at Microsoft.EntityFrameworkCore.Query.Internal.QueryingEnumerable`1.Enumerator.MoveNext()
   at Microsoft.EntityFrameworkCore.Query.Internal.LinqOperatorProvider._TrackEntities[TOut,TIn](IEnumerable`1 results, QueryContext queryContext, IList`1 entityTrackingInfos, IList`1 entityAccessors)+MoveNext()
   at Microsoft.EntityFrameworkCore.Query.Internal.LinqOperatorProvider.ExceptionInterceptor`1.EnumeratorExceptionInterceptor.MoveNext()
   at System.Collections.Generic.List`1.AddEnumerable(IEnumerable`1 enumerable)
   at System.Linq.Enumerable.ToList[TSource](IEnumerable`1 source)
   at KU.Services.Implementations.ChartService.GetAllViralLoadChartData(String ReportDateStart, String CompanyName, String Emirate, String ChartNumber) in C:\TCIT\Khalifa LIMS\GIT\API\KhalifaLIMSAPI\KU.Services\Implementations\ChartService.cs:line 25
   at lambda_method(Closure , Object , Object[] )
   at Microsoft.Extensions.Internal.ObjectMethodExecutor.Execute(Object target, Object[] parameters)
   at Microsoft.AspNetCore.Mvc.Internal.ActionMethodExecutor.SyncActionResultExecutor.Execute(IActionResultTypeMapper mapper, ObjectMethodExecutor executor, Object controller, Object[] arguments)
   at Microsoft.AspNetCore.Mvc.Internal.ControllerActionInvoker.InvokeActionMethodAsync()
   at System.Runtime.ExceptionServices.ExceptionDispatchInfo.Throw()
ClientConnectionId:eb8af664-03b0-474d-98a5-5a5fc265c4ec
Error Number:242,State:3,Class:16
2021-04-27T16:43:28.0294782+04:00 80000004-0002-f700-b63f-84710c7967bb [INF] Executed action "KU.WebAPI.Controllers.ChartController.GetAllViralLoadChartData (KU.WebAPI)" in 209.0648ms (afa2e885)
2021-04-27T16:43:28.0334957+04:00 80000004-0002-f700-b63f-84710c7967bb [INF] Executed endpoint '"KU.WebAPI.Controllers.ChartController.GetAllViralLoadChartData (KU.WebAPI)"' (99874f2b)
2021-04-27T16:43:28.0472708+04:00 80000004-0002-f700-b63f-84710c7967bb [ERR] An unhandled exception has occurred while executing the request. (48a46595)
System.Data.SqlClient.SqlException (0x80131904): The conversion of a varchar data type to a datetime data type resulted in an out-of-range value.
   at System.Data.SqlClient.SqlConnection.OnError(SqlException exception, Boolean breakConnection, Action`1 wrapCloseInAction)
   at System.Data.SqlClient.SqlInternalConnection.OnError(SqlException exception, Boolean breakConnection, Action`1 wrapCloseInAction)
   at System.Data.SqlClient.TdsParser.ThrowExceptionAndWarning(TdsParserStateObject stateObj, Boolean callerHasConnectionLock, Boolean asyncClose)
   at System.Data.SqlClient.TdsParser.TryRun(RunBehavior runBehavior, SqlCommand cmdHandler, SqlDataReader dataStream, BulkCopySimpleResultSet bulkCopyHandler, TdsParserStateObject stateObj, Boolean& dataReady)
   at System.Data.SqlClient.SqlDataReader.TryHasMoreRows(Boolean& moreRows)
   at System.Data.SqlClient.SqlDataReader.TryReadInternal(Boolean setTimeout, Boolean& more)
   at System.Data.SqlClient.SqlDataReader.Read()
   at Microsoft.EntityFrameworkCore.Storage.RelationalDataReader.Read()
   at Microsoft.EntityFrameworkCore.Query.Internal.QueryingEnumerable`1.Enumerator.BufferlessMoveNext(DbContext _, Boolean buffer)
   at Microsoft.EntityFrameworkCore.SqlServer.Storage.Internal.SqlServerExecutionStrategy.Execute[TState,TResult](TState state, Func`3 operation, Func`3 verifySucceeded)
   at Microsoft.EntityFrameworkCore.Query.Internal.QueryingEnumerable`1.Enumerator.MoveNext()
   at Microsoft.EntityFrameworkCore.Query.Internal.LinqOperatorProvider._TrackEntities[TOut,TIn](IEnumerable`1 results, QueryContext queryContext, IList`1 entityTrackingInfos, IList`1 entityAccessors)+MoveNext()
   at Microsoft.EntityFrameworkCore.Query.Internal.LinqOperatorProvider.ExceptionInterceptor`1.EnumeratorExceptionInterceptor.MoveNext()
   at System.Collections.Generic.List`1.AddEnumerable(IEnumerable`1 enumerable)
   at System.Linq.Enumerable.ToList[TSource](IEnumerable`1 source)
   at KU.Services.Implementations.ChartService.GetAllViralLoadChartData(String ReportDateStart, String CompanyName, String Emirate, String ChartNumber) in C:\TCIT\Khalifa LIMS\GIT\API\KhalifaLIMSAPI\KU.Services\Implementations\ChartService.cs:line 25
   at lambda_method(Closure , Object , Object[] )
   at Microsoft.Extensions.Internal.ObjectMethodExecutor.Execute(Object target, Object[] parameters)
   at Microsoft.AspNetCore.Mvc.Internal.ActionMethodExecutor.SyncActionResultExecutor.Execute(IActionResultTypeMapper mapper, ObjectMethodExecutor executor, Object controller, Object[] arguments)
   at Microsoft.AspNetCore.Mvc.Internal.ControllerActionInvoker.InvokeActionMethodAsync()
   at Microsoft.AspNetCore.Mvc.Internal.ControllerActionInvoker.InvokeNextActionFilterAsync()
   at Microsoft.AspNetCore.Mvc.Internal.ControllerActionInvoker.Rethrow(ActionExecutedContext context)
   at Microsoft.AspNetCore.Mvc.Internal.ControllerActionInvoker.Next(State& next, Scope& scope, Object& state, Boolean& isCompleted)
   at Microsoft.AspNetCore.Mvc.Internal.ControllerActionInvoker.InvokeInnerFilterAsync()
   at Microsoft.AspNetCore.Mvc.Internal.ResourceInvoker.InvokeNextResourceFilter()
   at Microsoft.AspNetCore.Mvc.Internal.ResourceInvoker.Rethrow(ResourceExecutedContext context)
   at Microsoft.AspNetCore.Mvc.Internal.ResourceInvoker.Next(State& next, Scope& scope, Object& state, Boolean& isCompleted)
   at Microsoft.AspNetCore.Mvc.Internal.ResourceInvoker.InvokeFilterPipelineAsync()
   at Microsoft.AspNetCore.Mvc.Internal.ResourceInvoker.InvokeAsync()
   at Microsoft.AspNetCore.Routing.EndpointMiddleware.Invoke(HttpContext httpContext)
   at Microsoft.AspNetCore.Routing.EndpointRoutingMiddleware.Invoke(HttpContext httpContext)
   at Microsoft.AspNetCore.StaticFiles.StaticFileMiddleware.Invoke(HttpContext context)
   at Swashbuckle.AspNetCore.SwaggerUI.SwaggerUIMiddleware.Invoke(HttpContext httpContext)
   at Swashbuckle.AspNetCore.Swagger.SwaggerMiddleware.Invoke(HttpContext httpContext, ISwaggerProvider swaggerProvider)
   at Microsoft.AspNetCore.Authentication.AuthenticationMiddleware.Invoke(HttpContext context)
   at Microsoft.AspNetCore.StaticFiles.StaticFileMiddleware.Invoke(HttpContext context)
   at Microsoft.AspNetCore.Diagnostics.DeveloperExceptionPageMiddleware.Invoke(HttpContext context)
ClientConnectionId:eb8af664-03b0-474d-98a5-5a5fc265c4ec
Error Number:242,State:3,Class:16
2021-04-27T16:43:28.0625348+04:00 80000004-0002-f700-b63f-84710c7967bb [INF] Request finished in 254.0303ms 500 text/html; charset=utf-8 (791a596a)
2021-04-27T16:43:30.3868937+04:00 80000036-0000-fb00-b63f-84710c7967bb [INF] Request starting HTTP/2.0 GET https://localhost:44317/api/Chart/GetAllViralLoadChartData?ReportDateStart=2021%2F03%2F21&ChartNumber=1   (ca22a1cb)
2021-04-27T16:43:30.3928793+04:00 80000036-0000-fb00-b63f-84710c7967bb [INF] Executing endpoint '"KU.WebAPI.Controllers.ChartController.GetAllViralLoadChartData (KU.WebAPI)"' (500cc934)
2021-04-27T16:43:30.3994019+04:00 80000036-0000-fb00-b63f-84710c7967bb [INF] Route matched with "{action = \"GetAllViralLoadChartData\", controller = \"Chart\"}". Executing controller action with signature "Microsoft.AspNetCore.Mvc.IActionResult GetAllViralLoadChartData(System.String, System.String, System.String, System.String)" on controller "KU.WebAPI.Controllers.ChartController" ("KU.WebAPI"). (122b2fdf)
2021-04-27T16:43:30.4052096+04:00 80000036-0000-fb00-b63f-84710c7967bb [INF] Executing action method "KU.WebAPI.Controllers.ChartController.GetAllViralLoadChartData (KU.WebAPI)" - Validation state: Valid (dad538d7)
2021-04-27T16:43:30.4109316+04:00 80000036-0000-fb00-b63f-84710c7967bb [INF] Entity Framework Core "2.2.6-servicing-10079" initialized '"ApplicationDbContext"' using provider '"Microsoft.EntityFrameworkCore.SqlServer"' with options: "MigrationsAssembly=KU.WebAPI " (9958f5bb)
2021-04-27T16:43:30.5025182+04:00 80000036-0000-fb00-b63f-84710c7967bb [INF] Executed DbCommand ("86"ms) [Parameters=["@p0='?' (Size = 4000), @p1='?', @p2='?', @p3='?' (Size = 4000)"], CommandType='Text', CommandTimeout='30']"
""sp_ViralLoadChartData @p0, @p1, @p2, @p3" (0723d8ff)
2021-04-27T16:43:30.5128374+04:00 80000036-0000-fb00-b63f-84710c7967bb [ERR] An exception occurred while iterating over the results of a query for context type '"KU.Repositories.ApplicationDbContext"'."
""System.Data.SqlClient.SqlException (0x80131904): The conversion of a varchar data type to a datetime data type resulted in an out-of-range value.
   at System.Data.SqlClient.SqlConnection.OnError(SqlException exception, Boolean breakConnection, Action`1 wrapCloseInAction)
   at System.Data.SqlClient.SqlInternalConnection.OnError(SqlException exception, Boolean breakConnection, Action`1 wrapCloseInAction)
   at System.Data.SqlClient.TdsParser.ThrowExceptionAndWarning(TdsParserStateObject stateObj, Boolean callerHasConnectionLock, Boolean asyncClose)
   at System.Data.SqlClient.TdsParser.TryRun(RunBehavior runBehavior, SqlCommand cmdHandler, SqlDataReader dataStream, BulkCopySimpleResultSet bulkCopyHandler, TdsParserStateObject stateObj, Boolean& dataReady)
   at System.Data.SqlClient.SqlDataReader.TryHasMoreRows(Boolean& moreRows)
   at System.Data.SqlClient.SqlDataReader.TryReadInternal(Boolean setTimeout, Boolean& more)
   at System.Data.SqlClient.SqlDataReader.Read()
   at Microsoft.EntityFrameworkCore.Storage.RelationalDataReader.Read()
   at Microsoft.EntityFrameworkCore.Query.Internal.QueryingEnumerable`1.Enumerator.BufferlessMoveNext(DbContext _, Boolean buffer)
   at Microsoft.EntityFrameworkCore.SqlServer.Storage.Internal.SqlServerExecutionStrategy.Execute[TState,TResult](TState state, Func`3 operation, Func`3 verifySucceeded)
   at Microsoft.EntityFrameworkCore.Query.Internal.QueryingEnumerable`1.Enumerator.MoveNext()
   at Microsoft.EntityFrameworkCore.Query.Internal.LinqOperatorProvider._TrackEntities[TOut,TIn](IEnumerable`1 results, QueryContext queryContext, IList`1 entityTrackingInfos, IList`1 entityAccessors)+MoveNext()
   at Microsoft.EntityFrameworkCore.Query.Internal.LinqOperatorProvider.ExceptionInterceptor`1.EnumeratorExceptionInterceptor.MoveNext()
ClientConnectionId:eb8af664-03b0-474d-98a5-5a5fc265c4ec
Error Number:242,State:3,Class:16" (f5c7ac34)
System.Data.SqlClient.SqlException (0x80131904): The conversion of a varchar data type to a datetime data type resulted in an out-of-range value.
   at System.Data.SqlClient.SqlConnection.OnError(SqlException exception, Boolean breakConnection, Action`1 wrapCloseInAction)
   at System.Data.SqlClient.SqlInternalConnection.OnError(SqlException exception, Boolean breakConnection, Action`1 wrapCloseInAction)
   at System.Data.SqlClient.TdsParser.ThrowExceptionAndWarning(TdsParserStateObject stateObj, Boolean callerHasConnectionLock, Boolean asyncClose)
   at System.Data.SqlClient.TdsParser.TryRun(RunBehavior runBehavior, SqlCommand cmdHandler, SqlDataReader dataStream, BulkCopySimpleResultSet bulkCopyHandler, TdsParserStateObject stateObj, Boolean& dataReady)
   at System.Data.SqlClient.SqlDataReader.TryHasMoreRows(Boolean& moreRows)
   at System.Data.SqlClient.SqlDataReader.TryReadInternal(Boolean setTimeout, Boolean& more)
   at System.Data.SqlClient.SqlDataReader.Read()
   at Microsoft.EntityFrameworkCore.Storage.RelationalDataReader.Read()
   at Microsoft.EntityFrameworkCore.Query.Internal.QueryingEnumerable`1.Enumerator.BufferlessMoveNext(DbContext _, Boolean buffer)
   at Microsoft.EntityFrameworkCore.SqlServer.Storage.Internal.SqlServerExecutionStrategy.Execute[TState,TResult](TState state, Func`3 operation, Func`3 verifySucceeded)
   at Microsoft.EntityFrameworkCore.Query.Internal.QueryingEnumerable`1.Enumerator.MoveNext()
   at Microsoft.EntityFrameworkCore.Query.Internal.LinqOperatorProvider._TrackEntities[TOut,TIn](IEnumerable`1 results, QueryContext queryContext, IList`1 entityTrackingInfos, IList`1 entityAccessors)+MoveNext()
   at Microsoft.EntityFrameworkCore.Query.Internal.LinqOperatorProvider.ExceptionInterceptor`1.EnumeratorExceptionInterceptor.MoveNext()
   at System.Collections.Generic.List`1.AddEnumerable(IEnumerable`1 enumerable)
   at System.Linq.Enumerable.ToList[TSource](IEnumerable`1 source)
   at KU.Services.Implementations.ChartService.GetAllViralLoadChartData(String ReportDateStart, String CompanyName, String Emirate, String ChartNumber) in C:\TCIT\Khalifa LIMS\GIT\API\KhalifaLIMSAPI\KU.Services\Implementations\ChartService.cs:line 25
   at lambda_method(Closure , Object , Object[] )
   at Microsoft.Extensions.Internal.ObjectMethodExecutor.Execute(Object target, Object[] parameters)
   at Microsoft.AspNetCore.Mvc.Internal.ActionMethodExecutor.SyncActionResultExecutor.Execute(IActionResultTypeMapper mapper, ObjectMethodExecutor executor, Object controller, Object[] arguments)
   at Microsoft.AspNetCore.Mvc.Internal.ControllerActionInvoker.InvokeActionMethodAsync()
   at Microsoft.AspNetCore.Mvc.Internal.ControllerActionInvoker.InvokeNextActionFilterAsync()
   at Microsoft.AspNetCore.Mvc.Internal.ControllerActionInvoker.Rethrow(ActionExecutedContext context)
   at Microsoft.AspNetCore.Mvc.Internal.ControllerActionInvoker.Next(State& next, Scope& scope, Object& state, Boolean& isCompleted)
   at Microsoft.AspNetCore.Mvc.Internal.ControllerActionInvoker.InvokeInnerFilterAsync()
   at Microsoft.AspNetCore.Mvc.Internal.ResourceInvoker.InvokeNextResourceFilter()
   at Microsoft.AspNetCore.Mvc.Internal.ResourceInvoker.Rethrow(ResourceExecutedContext context)
   at Microsoft.AspNetCore.Mvc.Internal.ResourceInvoker.Next(State& next, Scope& scope, Object& state, Boolean& isCompleted)
   at Microsoft.AspNetCore.Mvc.Internal.ResourceInvoker.InvokeFilterPipelineAsync()
   at Microsoft.AspNetCore.Mvc.Internal.ResourceInvoker.InvokeAsync()
   at Microsoft.AspNetCore.Routing.EndpointMiddleware.Invoke(HttpContext httpContext)
   at Microsoft.AspNetCore.Routing.EndpointRoutingMiddleware.Invoke(HttpContext httpContext)
   at Microsoft.AspNetCore.StaticFiles.StaticFileMiddleware.Invoke(HttpContext context)
   at Swashbuckle.AspNetCore.SwaggerUI.SwaggerUIMiddleware.Invoke(HttpContext httpContext)
   at Swashbuckle.AspNetCore.Swagger.SwaggerMiddleware.Invoke(HttpContext httpContext, ISwaggerProvider swaggerProvider)
   at Microsoft.AspNetCore.Authentication.AuthenticationMiddleware.Invoke(HttpContext context)
   at Microsoft.AspNetCore.StaticFiles.StaticFileMiddleware.Invoke(HttpContext context)
   at Microsoft.AspNetCore.Diagnostics.DeveloperExceptionPageMiddleware.Invoke(HttpContext context)
ClientConnectionId:eb8af664-03b0-474d-98a5-5a5fc265c4ec
Error Number:242,State:3,Class:16
2021-04-27T16:43:30.5185616+04:00 80000036-0000-fb00-b63f-84710c7967bb [INF] Executed action "KU.WebAPI.Controllers.ChartController.GetAllViralLoadChartData (KU.WebAPI)" in 114.5127ms (afa2e885)
2021-04-27T16:43:30.5234444+04:00 80000036-0000-fb00-b63f-84710c7967bb [INF] Executed endpoint '"KU.WebAPI.Controllers.ChartController.GetAllViralLoadChartData (KU.WebAPI)"' (99874f2b)
2021-04-27T16:43:30.5427690+04:00 80000036-0000-fb00-b63f-84710c7967bb [ERR] An unhandled exception has occurred while executing the request. (48a46595)
System.Data.SqlClient.SqlException (0x80131904): The conversion of a varchar data type to a datetime data type resulted in an out-of-range value.
   at System.Data.SqlClient.SqlConnection.OnError(SqlException exception, Boolean breakConnection, Action`1 wrapCloseInAction)
   at System.Data.SqlClient.SqlInternalConnection.OnError(SqlException exception, Boolean breakConnection, Action`1 wrapCloseInAction)
   at System.Data.SqlClient.TdsParser.ThrowExceptionAndWarning(TdsParserStateObject stateObj, Boolean callerHasConnectionLock, Boolean asyncClose)
   at System.Data.SqlClient.TdsParser.TryRun(RunBehavior runBehavior, SqlCommand cmdHandler, SqlDataReader dataStream, BulkCopySimpleResultSet bulkCopyHandler, TdsParserStateObject stateObj, Boolean& dataReady)
   at System.Data.SqlClient.SqlDataReader.TryHasMoreRows(Boolean& moreRows)
   at System.Data.SqlClient.SqlDataReader.TryReadInternal(Boolean setTimeout, Boolean& more)
   at System.Data.SqlClient.SqlDataReader.Read()
   at Microsoft.EntityFrameworkCore.Storage.RelationalDataReader.Read()
   at Microsoft.EntityFrameworkCore.Query.Internal.QueryingEnumerable`1.Enumerator.BufferlessMoveNext(DbContext _, Boolean buffer)
   at Microsoft.EntityFrameworkCore.SqlServer.Storage.Internal.SqlServerExecutionStrategy.Execute[TState,TResult](TState state, Func`3 operation, Func`3 verifySucceeded)
   at Microsoft.EntityFrameworkCore.Query.Internal.QueryingEnumerable`1.Enumerator.MoveNext()
   at Microsoft.EntityFrameworkCore.Query.Internal.LinqOperatorProvider._TrackEntities[TOut,TIn](IEnumerable`1 results, QueryContext queryContext, IList`1 entityTrackingInfos, IList`1 entityAccessors)+MoveNext()
   at Microsoft.EntityFrameworkCore.Query.Internal.LinqOperatorProvider.ExceptionInterceptor`1.EnumeratorExceptionInterceptor.MoveNext()
   at System.Collections.Generic.List`1.AddEnumerable(IEnumerable`1 enumerable)
   at System.Linq.Enumerable.ToList[TSource](IEnumerable`1 source)
   at KU.Services.Implementations.ChartService.GetAllViralLoadChartData(String ReportDateStart, String CompanyName, String Emirate, String ChartNumber) in C:\TCIT\Khalifa LIMS\GIT\API\KhalifaLIMSAPI\KU.Services\Implementations\ChartService.cs:line 25
   at lambda_method(Closure , Object , Object[] )
   at Microsoft.Extensions.Internal.ObjectMethodExecutor.Execute(Object target, Object[] parameters)
   at Microsoft.AspNetCore.Mvc.Internal.ActionMethodExecutor.SyncActionResultExecutor.Execute(IActionResultTypeMapper mapper, ObjectMethodExecutor executor, Object controller, Object[] arguments)
   at Microsoft.AspNetCore.Mvc.Internal.ControllerActionInvoker.InvokeActionMethodAsync()
   at Microsoft.AspNetCore.Mvc.Internal.ControllerActionInvoker.InvokeNextActionFilterAsync()
   at Microsoft.AspNetCore.Mvc.Internal.ControllerActionInvoker.Rethrow(ActionExecutedContext context)
   at Microsoft.AspNetCore.Mvc.Internal.ControllerActionInvoker.Next(State& next, Scope& scope, Object& state, Boolean& isCompleted)
   at Microsoft.AspNetCore.Mvc.Internal.ControllerActionInvoker.InvokeInnerFilterAsync()
   at Microsoft.AspNetCore.Mvc.Internal.ResourceInvoker.InvokeNextResourceFilter()
   at Microsoft.AspNetCore.Mvc.Internal.ResourceInvoker.Rethrow(ResourceExecutedContext context)
   at Microsoft.AspNetCore.Mvc.Internal.ResourceInvoker.Next(State& next, Scope& scope, Object& state, Boolean& isCompleted)
   at Microsoft.AspNetCore.Mvc.Internal.ResourceInvoker.InvokeFilterPipelineAsync()
   at Microsoft.AspNetCore.Mvc.Internal.ResourceInvoker.InvokeAsync()
   at Microsoft.AspNetCore.Routing.EndpointMiddleware.Invoke(HttpContext httpContext)
   at Microsoft.AspNetCore.Routing.EndpointRoutingMiddleware.Invoke(HttpContext httpContext)
   at Microsoft.AspNetCore.StaticFiles.StaticFileMiddleware.Invoke(HttpContext context)
   at Swashbuckle.AspNetCore.SwaggerUI.SwaggerUIMiddleware.Invoke(HttpContext httpContext)
   at Swashbuckle.AspNetCore.Swagger.SwaggerMiddleware.Invoke(HttpContext httpContext, ISwaggerProvider swaggerProvider)
   at Microsoft.AspNetCore.Authentication.AuthenticationMiddleware.Invoke(HttpContext context)
   at Microsoft.AspNetCore.StaticFiles.StaticFileMiddleware.Invoke(HttpContext context)
   at Microsoft.AspNetCore.Diagnostics.DeveloperExceptionPageMiddleware.Invoke(HttpContext context)
ClientConnectionId:eb8af664-03b0-474d-98a5-5a5fc265c4ec
Error Number:242,State:3,Class:16
2021-04-27T16:43:30.5603919+04:00 80000036-0000-fb00-b63f-84710c7967bb [INF] Request finished in 174.3355ms 500 text/html; charset=utf-8 (791a596a)
2021-04-27T16:43:46.8207974+04:00 80000038-0000-fb00-b63f-84710c7967bb [INF] Request starting HTTP/2.0 GET https://localhost:44317/api/Chart/GetAllViralLoadChartData?ReportDateStart=21%2F03%2F2021&ChartNumber=1   (ca22a1cb)
2021-04-27T16:43:46.8270325+04:00 80000038-0000-fb00-b63f-84710c7967bb [INF] Executing endpoint '"KU.WebAPI.Controllers.ChartController.GetAllViralLoadChartData (KU.WebAPI)"' (500cc934)
2021-04-27T16:43:46.8320411+04:00 80000038-0000-fb00-b63f-84710c7967bb [INF] Route matched with "{action = \"GetAllViralLoadChartData\", controller = \"Chart\"}". Executing controller action with signature "Microsoft.AspNetCore.Mvc.IActionResult GetAllViralLoadChartData(System.String, System.String, System.String, System.String)" on controller "KU.WebAPI.Controllers.ChartController" ("KU.WebAPI"). (122b2fdf)
2021-04-27T16:43:46.8388223+04:00 80000038-0000-fb00-b63f-84710c7967bb [INF] Executing action method "KU.WebAPI.Controllers.ChartController.GetAllViralLoadChartData (KU.WebAPI)" - Validation state: Valid (dad538d7)
2021-04-27T16:43:46.8427427+04:00 80000038-0000-fb00-b63f-84710c7967bb [INF] Entity Framework Core "2.2.6-servicing-10079" initialized '"ApplicationDbContext"' using provider '"Microsoft.EntityFrameworkCore.SqlServer"' with options: "MigrationsAssembly=KU.WebAPI " (9958f5bb)
2021-04-27T16:43:46.9679940+04:00 80000038-0000-fb00-b63f-84710c7967bb [INF] Executed DbCommand ("119"ms) [Parameters=["@p0='?' (Size = 4000), @p1='?', @p2='?', @p3='?' (Size = 4000)"], CommandType='Text', CommandTimeout='30']"
""sp_ViralLoadChartData @p0, @p1, @p2, @p3" (0723d8ff)
2021-04-27T16:43:47.5645798+04:00 80000038-0000-fb00-b63f-84710c7967bb [INF] Executed action method "KU.WebAPI.Controllers.ChartController.GetAllViralLoadChartData (KU.WebAPI)", returned result "Microsoft.AspNetCore.Mvc.OkObjectResult" in 717.3348ms. (50a9e262)
2021-04-27T16:43:47.6453177+04:00 80000038-0000-fb00-b63f-84710c7967bb [INF] Executing ObjectResult, writing value of type '"System.Collections.Generic.List`1[[KU.Repositories.Models.ViralLoadChartData, KU.Repositories, Version=1.0.0.0, Culture=neutral, PublicKeyToken=null]]"'. (8a1b66c8)
2021-04-27T16:43:47.8854951+04:00 80000038-0000-fb00-b63f-84710c7967bb [INF] Executed action "KU.WebAPI.Controllers.ChartController.GetAllViralLoadChartData (KU.WebAPI)" in 1042.0204ms (afa2e885)
2021-04-27T16:43:47.8961748+04:00 80000038-0000-fb00-b63f-84710c7967bb [INF] Executed endpoint '"KU.WebAPI.Controllers.ChartController.GetAllViralLoadChartData (KU.WebAPI)"' (99874f2b)
2021-04-27T16:43:47.9051718+04:00 80000038-0000-fb00-b63f-84710c7967bb [INF] Request finished in 1087.3263ms 200 application/json; charset=utf-8 (791a596a)
2021-04-27T17:01:36.4909117+04:00 80000023-0005-fd00-b63f-84710c7967bb [INF] Request starting HTTP/2.0 GET https://localhost:44317/index.html   (ca22a1cb)
2021-04-27T17:01:37.5254061+04:00 80000023-0005-fd00-b63f-84710c7967bb [INF] Request finished in 1039.3169ms 200 text/html (791a596a)
2021-04-27T17:01:37.8474961+04:00 80000012-0004-fe00-b63f-84710c7967bb [INF] Request starting HTTP/2.0 GET https://localhost:44317/swagger/v1/swagger.json   (ca22a1cb)
2021-04-27T17:01:38.0453614+04:00 80000012-0004-fe00-b63f-84710c7967bb [INF] Request finished in 196.6321ms 200 application/json;charset=utf-8 (791a596a)
2021-04-27T17:02:02.9301303+04:00 80000012-0001-fd00-b63f-84710c7967bb [INF] Request starting HTTP/2.0 GET https://localhost:44317/api/Chart/Reports?FromDate=01%2F01%2F2021&ToDate=30%2F04%2F2021&ReportType=1   (ca22a1cb)
2021-04-27T17:02:02.9835248+04:00 80000012-0001-fd00-b63f-84710c7967bb [INF] Executing endpoint '"KU.WebAPI.Controllers.ChartController.GetReport (KU.WebAPI)"' (500cc934)
2021-04-27T17:02:03.0131988+04:00 80000012-0001-fd00-b63f-84710c7967bb [INF] Route matched with "{action = \"GetReport\", controller = \"Chart\"}". Executing controller action with signature "Microsoft.AspNetCore.Mvc.IActionResult GetReport(System.String, System.String, System.String, System.String, System.String, Int32)" on controller "KU.WebAPI.Controllers.ChartController" ("KU.WebAPI"). (122b2fdf)
2021-04-27T17:02:03.0392251+04:00 80000012-0001-fd00-b63f-84710c7967bb [INF] Executing action method "KU.WebAPI.Controllers.ChartController.GetReport (KU.WebAPI)" - Validation state: Valid (dad538d7)
2021-04-27T17:02:04.2094453+04:00 80000012-0001-fd00-b63f-84710c7967bb [INF] Entity Framework Core "2.2.6-servicing-10079" initialized '"ApplicationDbContext"' using provider '"Microsoft.EntityFrameworkCore.SqlServer"' with options: "MigrationsAssembly=KU.WebAPI " (9958f5bb)
2021-04-27T17:02:06.2801681+04:00 80000012-0001-fd00-b63f-84710c7967bb [INF] Executed DbCommand ("134"ms) [Parameters=["@p0='?' (Size = 4000), @p1='?' (Size = 4000), @p2='?', @p3='?', @p4='?', @p5='?' (DbType = Int32)"], CommandType='Text', CommandTimeout='30']"
""SP_Statistics_Report @p0,@p1,@p2,@p3,@p4,@p5" (0723d8ff)
2021-04-27T17:02:06.5141856+04:00 80000012-0001-fd00-b63f-84710c7967bb [ERR] An exception occurred while iterating over the results of a query for context type '"KU.Repositories.ApplicationDbContext"'."
""System.Data.SqlTypes.SqlNullValueException: Data is Null. This method or property cannot be called on Null values.
   at System.Data.SqlClient.SqlBuffer.get_String()
   at System.Data.SqlClient.SqlDataReader.GetString(Int32 i)
   at lambda_method(Closure , DbDataReader )
   at Microsoft.EntityFrameworkCore.Storage.Internal.TypedRelationalValueBufferFactory.Create(DbDataReader dataReader)
   at Microsoft.EntityFrameworkCore.Query.Internal.QueryingEnumerable`1.Enumerator.BufferlessMoveNext(DbContext _, Boolean buffer)
   at Microsoft.EntityFrameworkCore.SqlServer.Storage.Internal.SqlServerExecutionStrategy.Execute[TState,TResult](TState state, Func`3 operation, Func`3 verifySucceeded)
   at Microsoft.EntityFrameworkCore.Query.Internal.QueryingEnumerable`1.Enumerator.MoveNext()
   at Microsoft.EntityFrameworkCore.Query.Internal.LinqOperatorProvider._TrackEntities[TOut,TIn](IEnumerable`1 results, QueryContext queryContext, IList`1 entityTrackingInfos, IList`1 entityAccessors)+MoveNext()
   at Microsoft.EntityFrameworkCore.Query.Internal.LinqOperatorProvider.ExceptionInterceptor`1.EnumeratorExceptionInterceptor.MoveNext()" (f5c7ac34)
System.Data.SqlTypes.SqlNullValueException: Data is Null. This method or property cannot be called on Null values.
   at System.Data.SqlClient.SqlBuffer.get_String()
   at System.Data.SqlClient.SqlDataReader.GetString(Int32 i)
   at lambda_method(Closure , DbDataReader )
   at Microsoft.EntityFrameworkCore.Storage.Internal.TypedRelationalValueBufferFactory.Create(DbDataReader dataReader)
   at Microsoft.EntityFrameworkCore.Query.Internal.QueryingEnumerable`1.Enumerator.BufferlessMoveNext(DbContext _, Boolean buffer)
   at Microsoft.EntityFrameworkCore.SqlServer.Storage.Internal.SqlServerExecutionStrategy.Execute[TState,TResult](TState state, Func`3 operation, Func`3 verifySucceeded)
   at Microsoft.EntityFrameworkCore.Query.Internal.QueryingEnumerable`1.Enumerator.MoveNext()
   at Microsoft.EntityFrameworkCore.Query.Internal.LinqOperatorProvider._TrackEntities[TOut,TIn](IEnumerable`1 results, QueryContext queryContext, IList`1 entityTrackingInfos, IList`1 entityAccessors)+MoveNext()
   at Microsoft.EntityFrameworkCore.Query.Internal.LinqOperatorProvider.ExceptionInterceptor`1.EnumeratorExceptionInterceptor.MoveNext()
2021-04-27T17:02:06.5181455+04:00 80000012-0001-fd00-b63f-84710c7967bb [ERR] Something went wrong ex: Data is Null. This method or property cannot be called on Null values. (9e5d694c)
2021-04-27T17:02:06.5246394+04:00 80000012-0001-fd00-b63f-84710c7967bb [INF] Executed action method "KU.WebAPI.Controllers.ChartController.GetReport (KU.WebAPI)", returned result "Microsoft.AspNetCore.Mvc.ObjectResult" in 3479.0159ms. (50a9e262)
2021-04-27T17:02:06.5370302+04:00 80000012-0001-fd00-b63f-84710c7967bb [INF] Executing ObjectResult, writing value of type '"System.String"'. (8a1b66c8)
2021-04-27T17:02:06.5487133+04:00 80000012-0001-fd00-b63f-84710c7967bb [INF] Executed action "KU.WebAPI.Controllers.ChartController.GetReport (KU.WebAPI)" in 3527.5118ms (afa2e885)
2021-04-27T17:02:06.5526384+04:00 80000012-0001-fd00-b63f-84710c7967bb [INF] Executed endpoint '"KU.WebAPI.Controllers.ChartController.GetReport (KU.WebAPI)"' (99874f2b)
2021-04-27T17:02:06.5561477+04:00 80000012-0001-fd00-b63f-84710c7967bb [INF] Request finished in 3627.8028ms 500 application/json; charset=utf-8 (791a596a)
2021-04-27T17:02:33.2629295+04:00 80000014-0004-fe00-b63f-84710c7967bb [INF] Request starting HTTP/2.0 GET https://localhost:44317/api/Chart/Reports?FromDate=01%2F01%2F2021&ToDate=30%2F04%2F2021&Company=%20&Location=%20&Station=%20&ReportType=1   (ca22a1cb)
2021-04-27T17:02:33.2703402+04:00 80000014-0004-fe00-b63f-84710c7967bb [INF] Executing endpoint '"KU.WebAPI.Controllers.ChartController.GetReport (KU.WebAPI)"' (500cc934)
2021-04-27T17:02:33.2741453+04:00 80000014-0004-fe00-b63f-84710c7967bb [INF] Route matched with "{action = \"GetReport\", controller = \"Chart\"}". Executing controller action with signature "Microsoft.AspNetCore.Mvc.IActionResult GetReport(System.String, System.String, System.String, System.String, System.String, Int32)" on controller "KU.WebAPI.Controllers.ChartController" ("KU.WebAPI"). (122b2fdf)
2021-04-27T17:02:33.2787127+04:00 80000014-0004-fe00-b63f-84710c7967bb [INF] Executing action method "KU.WebAPI.Controllers.ChartController.GetReport (KU.WebAPI)" - Validation state: Valid (dad538d7)
2021-04-27T17:02:33.2870819+04:00 80000014-0004-fe00-b63f-84710c7967bb [INF] Entity Framework Core "2.2.6-servicing-10079" initialized '"ApplicationDbContext"' using provider '"Microsoft.EntityFrameworkCore.SqlServer"' with options: "MigrationsAssembly=KU.WebAPI " (9958f5bb)
2021-04-27T17:02:33.3864883+04:00 80000014-0004-fe00-b63f-84710c7967bb [INF] Executed DbCommand ("91"ms) [Parameters=["@p0='?' (Size = 4000), @p1='?' (Size = 4000), @p2='?', @p3='?', @p4='?', @p5='?' (DbType = Int32)"], CommandType='Text', CommandTimeout='30']"
""SP_Statistics_Report @p0,@p1,@p2,@p3,@p4,@p5" (0723d8ff)
2021-04-27T17:02:33.3921396+04:00 80000014-0004-fe00-b63f-84710c7967bb [ERR] An exception occurred while iterating over the results of a query for context type '"KU.Repositories.ApplicationDbContext"'."
""System.Data.SqlTypes.SqlNullValueException: Data is Null. This method or property cannot be called on Null values.
   at System.Data.SqlClient.SqlBuffer.get_String()
   at System.Data.SqlClient.SqlDataReader.GetString(Int32 i)
   at lambda_method(Closure , DbDataReader )
   at Microsoft.EntityFrameworkCore.Storage.Internal.TypedRelationalValueBufferFactory.Create(DbDataReader dataReader)
   at Microsoft.EntityFrameworkCore.Query.Internal.QueryingEnumerable`1.Enumerator.BufferlessMoveNext(DbContext _, Boolean buffer)
   at Microsoft.EntityFrameworkCore.SqlServer.Storage.Internal.SqlServerExecutionStrategy.Execute[TState,TResult](TState state, Func`3 operation, Func`3 verifySucceeded)
   at Microsoft.EntityFrameworkCore.Query.Internal.QueryingEnumerable`1.Enumerator.MoveNext()
   at Microsoft.EntityFrameworkCore.Query.Internal.LinqOperatorProvider._TrackEntities[TOut,TIn](IEnumerable`1 results, QueryContext queryContext, IList`1 entityTrackingInfos, IList`1 entityAccessors)+MoveNext()
   at Microsoft.EntityFrameworkCore.Query.Internal.LinqOperatorProvider.ExceptionInterceptor`1.EnumeratorExceptionInterceptor.MoveNext()" (f5c7ac34)
System.Data.SqlTypes.SqlNullValueException: Data is Null. This method or property cannot be called on Null values.
   at System.Data.SqlClient.SqlBuffer.get_String()
   at System.Data.SqlClient.SqlDataReader.GetString(Int32 i)
   at lambda_method(Closure , DbDataReader )
   at Microsoft.EntityFrameworkCore.Storage.Internal.TypedRelationalValueBufferFactory.Create(DbDataReader dataReader)
   at Microsoft.EntityFrameworkCore.Query.Internal.QueryingEnumerable`1.Enumerator.BufferlessMoveNext(DbContext _, Boolean buffer)
   at Microsoft.EntityFrameworkCore.SqlServer.Storage.Internal.SqlServerExecutionStrategy.Execute[TState,TResult](TState state, Func`3 operation, Func`3 verifySucceeded)
   at Microsoft.EntityFrameworkCore.Query.Internal.QueryingEnumerable`1.Enumerator.MoveNext()
   at Microsoft.EntityFrameworkCore.Query.Internal.LinqOperatorProvider._TrackEntities[TOut,TIn](IEnumerable`1 results, QueryContext queryContext, IList`1 entityTrackingInfos, IList`1 entityAccessors)+MoveNext()
   at Microsoft.EntityFrameworkCore.Query.Internal.LinqOperatorProvider.ExceptionInterceptor`1.EnumeratorExceptionInterceptor.MoveNext()
2021-04-27T17:02:33.3958325+04:00 80000014-0004-fe00-b63f-84710c7967bb [ERR] Something went wrong ex: Data is Null. This method or property cannot be called on Null values. (9e5d694c)
2021-04-27T17:02:33.3992544+04:00 80000014-0004-fe00-b63f-84710c7967bb [INF] Executed action method "KU.WebAPI.Controllers.ChartController.GetReport (KU.WebAPI)", returned result "Microsoft.AspNetCore.Mvc.ObjectResult" in 117.1593ms. (50a9e262)
2021-04-27T17:02:33.4045611+04:00 80000014-0004-fe00-b63f-84710c7967bb [INF] Executing ObjectResult, writing value of type '"System.String"'. (8a1b66c8)
2021-04-27T17:02:33.4133092+04:00 80000014-0004-fe00-b63f-84710c7967bb [INF] Executed action "KU.WebAPI.Controllers.ChartController.GetReport (KU.WebAPI)" in 130.9041ms (afa2e885)
2021-04-27T17:02:33.4174260+04:00 80000014-0004-fe00-b63f-84710c7967bb [INF] Executed endpoint '"KU.WebAPI.Controllers.ChartController.GetReport (KU.WebAPI)"' (99874f2b)
2021-04-27T17:02:33.4209192+04:00 80000014-0004-fe00-b63f-84710c7967bb [INF] Request finished in 160.3607ms 500 application/json; charset=utf-8 (791a596a)
2021-04-27T17:02:36.9290239+04:00 8000000c-0000-f800-b63f-84710c7967bb [INF] Request starting HTTP/2.0 GET https://localhost:44317/api/Chart/Reports?FromDate=01%2F01%2F2021&ToDate=30%2F04%2F2021&Company=%20&Location=%20&Station=%20&ReportType=1   (ca22a1cb)
2021-04-27T17:02:36.9340126+04:00 8000000c-0000-f800-b63f-84710c7967bb [INF] Executing endpoint '"KU.WebAPI.Controllers.ChartController.GetReport (KU.WebAPI)"' (500cc934)
2021-04-27T17:02:36.9375428+04:00 8000000c-0000-f800-b63f-84710c7967bb [INF] Route matched with "{action = \"GetReport\", controller = \"Chart\"}". Executing controller action with signature "Microsoft.AspNetCore.Mvc.IActionResult GetReport(System.String, System.String, System.String, System.String, System.String, Int32)" on controller "KU.WebAPI.Controllers.ChartController" ("KU.WebAPI"). (122b2fdf)
2021-04-27T17:02:36.9411595+04:00 8000000c-0000-f800-b63f-84710c7967bb [INF] Executing action method "KU.WebAPI.Controllers.ChartController.GetReport (KU.WebAPI)" - Validation state: Valid (dad538d7)
2021-04-27T17:02:36.9461133+04:00 8000000c-0000-f800-b63f-84710c7967bb [INF] Entity Framework Core "2.2.6-servicing-10079" initialized '"ApplicationDbContext"' using provider '"Microsoft.EntityFrameworkCore.SqlServer"' with options: "MigrationsAssembly=KU.WebAPI " (9958f5bb)
2021-04-27T17:02:37.0511744+04:00 8000000c-0000-f800-b63f-84710c7967bb [INF] Executed DbCommand ("91"ms) [Parameters=["@p0='?' (Size = 4000), @p1='?' (Size = 4000), @p2='?', @p3='?', @p4='?', @p5='?' (DbType = Int32)"], CommandType='Text', CommandTimeout='30']"
""SP_Statistics_Report @p0,@p1,@p2,@p3,@p4,@p5" (0723d8ff)
2021-04-27T17:02:37.0708329+04:00 8000000c-0000-f800-b63f-84710c7967bb [ERR] An exception occurred while iterating over the results of a query for context type '"KU.Repositories.ApplicationDbContext"'."
""System.Data.SqlTypes.SqlNullValueException: Data is Null. This method or property cannot be called on Null values.
   at System.Data.SqlClient.SqlBuffer.get_String()
   at System.Data.SqlClient.SqlDataReader.GetString(Int32 i)
   at lambda_method(Closure , DbDataReader )
   at Microsoft.EntityFrameworkCore.Storage.Internal.TypedRelationalValueBufferFactory.Create(DbDataReader dataReader)
   at Microsoft.EntityFrameworkCore.Query.Internal.QueryingEnumerable`1.Enumerator.BufferlessMoveNext(DbContext _, Boolean buffer)
   at Microsoft.EntityFrameworkCore.SqlServer.Storage.Internal.SqlServerExecutionStrategy.Execute[TState,TResult](TState state, Func`3 operation, Func`3 verifySucceeded)
   at Microsoft.EntityFrameworkCore.Query.Internal.QueryingEnumerable`1.Enumerator.MoveNext()
   at Microsoft.EntityFrameworkCore.Query.Internal.LinqOperatorProvider._TrackEntities[TOut,TIn](IEnumerable`1 results, QueryContext queryContext, IList`1 entityTrackingInfos, IList`1 entityAccessors)+MoveNext()
   at Microsoft.EntityFrameworkCore.Query.Internal.LinqOperatorProvider.ExceptionInterceptor`1.EnumeratorExceptionInterceptor.MoveNext()" (f5c7ac34)
System.Data.SqlTypes.SqlNullValueException: Data is Null. This method or property cannot be called on Null values.
   at System.Data.SqlClient.SqlBuffer.get_String()
   at System.Data.SqlClient.SqlDataReader.GetString(Int32 i)
   at lambda_method(Closure , DbDataReader )
   at Microsoft.EntityFrameworkCore.Storage.Internal.TypedRelationalValueBufferFactory.Create(DbDataReader dataReader)
   at Microsoft.EntityFrameworkCore.Query.Internal.QueryingEnumerable`1.Enumerator.BufferlessMoveNext(DbContext _, Boolean buffer)
   at Microsoft.EntityFrameworkCore.SqlServer.Storage.Internal.SqlServerExecutionStrategy.Execute[TState,TResult](TState state, Func`3 operation, Func`3 verifySucceeded)
   at Microsoft.EntityFrameworkCore.Query.Internal.QueryingEnumerable`1.Enumerator.MoveNext()
   at Microsoft.EntityFrameworkCore.Query.Internal.LinqOperatorProvider._TrackEntities[TOut,TIn](IEnumerable`1 results, QueryContext queryContext, IList`1 entityTrackingInfos, IList`1 entityAccessors)+MoveNext()
   at Microsoft.EntityFrameworkCore.Query.Internal.LinqOperatorProvider.ExceptionInterceptor`1.EnumeratorExceptionInterceptor.MoveNext()
   at System.Collections.Generic.List`1.AddEnumerable(IEnumerable`1 enumerable)
   at System.Linq.Enumerable.ToList[TSource](IEnumerable`1 source)
2021-04-27T17:02:37.0799776+04:00 8000000c-0000-f800-b63f-84710c7967bb [ERR] Something went wrong ex: Data is Null. This method or property cannot be called on Null values. (9e5d694c)
2021-04-27T17:02:37.0851897+04:00 8000000c-0000-f800-b63f-84710c7967bb [INF] Executed action method "KU.WebAPI.Controllers.ChartController.GetReport (KU.WebAPI)", returned result "Microsoft.AspNetCore.Mvc.ObjectResult" in 138.8638ms. (50a9e262)
2021-04-27T17:02:37.0887332+04:00 8000000c-0000-f800-b63f-84710c7967bb [INF] Executing ObjectResult, writing value of type '"System.String"'. (8a1b66c8)
2021-04-27T17:02:37.0929909+04:00 8000000c-0000-f800-b63f-84710c7967bb [INF] Executed action "KU.WebAPI.Controllers.ChartController.GetReport (KU.WebAPI)" in 151.4815ms (afa2e885)
2021-04-27T17:02:37.0963794+04:00 8000000c-0000-f800-b63f-84710c7967bb [INF] Executed endpoint '"KU.WebAPI.Controllers.ChartController.GetReport (KU.WebAPI)"' (99874f2b)
2021-04-27T17:02:37.0997412+04:00 8000000c-0000-f800-b63f-84710c7967bb [INF] Request finished in 172.2676ms 500 application/json; charset=utf-8 (791a596a)
2021-04-27T17:03:06.9347463+04:00 8000001e-0006-fb00-b63f-84710c7967bb [INF] Request starting HTTP/2.0 GET https://localhost:44317/api/Chart/Reports?FromDate=01%2F01%2F2021&ToDate=30%2F04%2F2021&Company=DOE&Location=%20RAK&Station=%20&ReportType=1   (ca22a1cb)
2021-04-27T17:03:06.9396801+04:00 8000001e-0006-fb00-b63f-84710c7967bb [INF] Executing endpoint '"KU.WebAPI.Controllers.ChartController.GetReport (KU.WebAPI)"' (500cc934)
2021-04-27T17:03:06.9434816+04:00 8000001e-0006-fb00-b63f-84710c7967bb [INF] Route matched with "{action = \"GetReport\", controller = \"Chart\"}". Executing controller action with signature "Microsoft.AspNetCore.Mvc.IActionResult GetReport(System.String, System.String, System.String, System.String, System.String, Int32)" on controller "KU.WebAPI.Controllers.ChartController" ("KU.WebAPI"). (122b2fdf)
2021-04-27T17:03:06.9465433+04:00 8000001e-0006-fb00-b63f-84710c7967bb [INF] Executing action method "KU.WebAPI.Controllers.ChartController.GetReport (KU.WebAPI)" - Validation state: Valid (dad538d7)
2021-04-27T17:03:06.9497657+04:00 8000001e-0006-fb00-b63f-84710c7967bb [INF] Entity Framework Core "2.2.6-servicing-10079" initialized '"ApplicationDbContext"' using provider '"Microsoft.EntityFrameworkCore.SqlServer"' with options: "MigrationsAssembly=KU.WebAPI " (9958f5bb)
2021-04-27T17:03:07.0584814+04:00 8000001e-0006-fb00-b63f-84710c7967bb [INF] Executed DbCommand ("99"ms) [Parameters=["@p0='?' (Size = 4000), @p1='?' (Size = 4000), @p2='?' (Size = 4000), @p3='?' (Size = 4000), @p4='?', @p5='?' (DbType = Int32)"], CommandType='Text', CommandTimeout='30']"
""SP_Statistics_Report @p0,@p1,@p2,@p3,@p4,@p5" (0723d8ff)
2021-04-27T17:03:07.0725579+04:00 8000001e-0006-fb00-b63f-84710c7967bb [ERR] An exception occurred while iterating over the results of a query for context type '"KU.Repositories.ApplicationDbContext"'."
""System.Data.SqlTypes.SqlNullValueException: Data is Null. This method or property cannot be called on Null values.
   at System.Data.SqlClient.SqlBuffer.get_String()
   at System.Data.SqlClient.SqlDataReader.GetString(Int32 i)
   at lambda_method(Closure , DbDataReader )
   at Microsoft.EntityFrameworkCore.Storage.Internal.TypedRelationalValueBufferFactory.Create(DbDataReader dataReader)
   at Microsoft.EntityFrameworkCore.Query.Internal.QueryingEnumerable`1.Enumerator.BufferlessMoveNext(DbContext _, Boolean buffer)
   at Microsoft.EntityFrameworkCore.SqlServer.Storage.Internal.SqlServerExecutionStrategy.Execute[TState,TResult](TState state, Func`3 operation, Func`3 verifySucceeded)
   at Microsoft.EntityFrameworkCore.Query.Internal.QueryingEnumerable`1.Enumerator.MoveNext()
   at Microsoft.EntityFrameworkCore.Query.Internal.LinqOperatorProvider._TrackEntities[TOut,TIn](IEnumerable`1 results, QueryContext queryContext, IList`1 entityTrackingInfos, IList`1 entityAccessors)+MoveNext()
   at Microsoft.EntityFrameworkCore.Query.Internal.LinqOperatorProvider.ExceptionInterceptor`1.EnumeratorExceptionInterceptor.MoveNext()" (f5c7ac34)
System.Data.SqlTypes.SqlNullValueException: Data is Null. This method or property cannot be called on Null values.
   at System.Data.SqlClient.SqlBuffer.get_String()
   at System.Data.SqlClient.SqlDataReader.GetString(Int32 i)
   at lambda_method(Closure , DbDataReader )
   at Microsoft.EntityFrameworkCore.Storage.Internal.TypedRelationalValueBufferFactory.Create(DbDataReader dataReader)
   at Microsoft.EntityFrameworkCore.Query.Internal.QueryingEnumerable`1.Enumerator.BufferlessMoveNext(DbContext _, Boolean buffer)
   at Microsoft.EntityFrameworkCore.SqlServer.Storage.Internal.SqlServerExecutionStrategy.Execute[TState,TResult](TState state, Func`3 operation, Func`3 verifySucceeded)
   at Microsoft.EntityFrameworkCore.Query.Internal.QueryingEnumerable`1.Enumerator.MoveNext()
   at Microsoft.EntityFrameworkCore.Query.Internal.LinqOperatorProvider._TrackEntities[TOut,TIn](IEnumerable`1 results, QueryContext queryContext, IList`1 entityTrackingInfos, IList`1 entityAccessors)+MoveNext()
   at Microsoft.EntityFrameworkCore.Query.Internal.LinqOperatorProvider.ExceptionInterceptor`1.EnumeratorExceptionInterceptor.MoveNext()
2021-04-27T17:03:07.0797973+04:00 8000001e-0006-fb00-b63f-84710c7967bb [ERR] Something went wrong ex: Data is Null. This method or property cannot be called on Null values. (9e5d694c)
2021-04-27T17:03:07.0853678+04:00 8000001e-0006-fb00-b63f-84710c7967bb [INF] Executed action method "KU.WebAPI.Controllers.ChartController.GetReport (KU.WebAPI)", returned result "Microsoft.AspNetCore.Mvc.ObjectResult" in 133.3258ms. (50a9e262)
2021-04-27T17:03:07.0892930+04:00 8000001e-0006-fb00-b63f-84710c7967bb [INF] Executing ObjectResult, writing value of type '"System.String"'. (8a1b66c8)
2021-04-27T17:03:07.0943601+04:00 8000001e-0006-fb00-b63f-84710c7967bb [INF] Executed action "KU.WebAPI.Controllers.ChartController.GetReport (KU.WebAPI)" in 146.3221ms (afa2e885)
2021-04-27T17:03:07.0989727+04:00 8000001e-0006-fb00-b63f-84710c7967bb [INF] Executed endpoint '"KU.WebAPI.Controllers.ChartController.GetReport (KU.WebAPI)"' (99874f2b)
2021-04-27T17:03:07.1035145+04:00 8000001e-0006-fb00-b63f-84710c7967bb [INF] Request finished in 168.5852ms 500 application/json; charset=utf-8 (791a596a)
2021-04-27T17:03:13.1973496+04:00 80000025-0005-fd00-b63f-84710c7967bb [INF] Request starting HTTP/2.0 GET https://localhost:44317/api/Chart/Reports?FromDate=01%2F01%2F2021&ToDate=30%2F04%2F2021&Company=DOE&Location=%20RAK&Station=%20AL&ReportType=1   (ca22a1cb)
2021-04-27T17:03:13.2034166+04:00 80000025-0005-fd00-b63f-84710c7967bb [INF] Executing endpoint '"KU.WebAPI.Controllers.ChartController.GetReport (KU.WebAPI)"' (500cc934)
2021-04-27T17:03:13.2092378+04:00 80000025-0005-fd00-b63f-84710c7967bb [INF] Route matched with "{action = \"GetReport\", controller = \"Chart\"}". Executing controller action with signature "Microsoft.AspNetCore.Mvc.IActionResult GetReport(System.String, System.String, System.String, System.String, System.String, Int32)" on controller "KU.WebAPI.Controllers.ChartController" ("KU.WebAPI"). (122b2fdf)
2021-04-27T17:03:13.2148293+04:00 80000025-0005-fd00-b63f-84710c7967bb [INF] Executing action method "KU.WebAPI.Controllers.ChartController.GetReport (KU.WebAPI)" - Validation state: Valid (dad538d7)
2021-04-27T17:03:13.2198832+04:00 80000025-0005-fd00-b63f-84710c7967bb [INF] Entity Framework Core "2.2.6-servicing-10079" initialized '"ApplicationDbContext"' using provider '"Microsoft.EntityFrameworkCore.SqlServer"' with options: "MigrationsAssembly=KU.WebAPI " (9958f5bb)
2021-04-27T17:03:13.3182324+04:00 80000025-0005-fd00-b63f-84710c7967bb [INF] Executed DbCommand ("93"ms) [Parameters=["@p0='?' (Size = 4000), @p1='?' (Size = 4000), @p2='?' (Size = 4000), @p3='?' (Size = 4000), @p4='?' (Size = 4000), @p5='?' (DbType = Int32)"], CommandType='Text', CommandTimeout='30']"
""SP_Statistics_Report @p0,@p1,@p2,@p3,@p4,@p5" (0723d8ff)
2021-04-27T17:03:13.3235273+04:00 80000025-0005-fd00-b63f-84710c7967bb [ERR] An exception occurred while iterating over the results of a query for context type '"KU.Repositories.ApplicationDbContext"'."
""System.Data.SqlTypes.SqlNullValueException: Data is Null. This method or property cannot be called on Null values.
   at System.Data.SqlClient.SqlBuffer.get_String()
   at System.Data.SqlClient.SqlDataReader.GetString(Int32 i)
   at lambda_method(Closure , DbDataReader )
   at Microsoft.EntityFrameworkCore.Storage.Internal.TypedRelationalValueBufferFactory.Create(DbDataReader dataReader)
   at Microsoft.EntityFrameworkCore.Query.Internal.QueryingEnumerable`1.Enumerator.BufferlessMoveNext(DbContext _, Boolean buffer)
   at Microsoft.EntityFrameworkCore.SqlServer.Storage.Internal.SqlServerExecutionStrategy.Execute[TState,TResult](TState state, Func`3 operation, Func`3 verifySucceeded)
   at Microsoft.EntityFrameworkCore.Query.Internal.QueryingEnumerable`1.Enumerator.MoveNext()
   at Microsoft.EntityFrameworkCore.Query.Internal.LinqOperatorProvider._TrackEntities[TOut,TIn](IEnumerable`1 results, QueryContext queryContext, IList`1 entityTrackingInfos, IList`1 entityAccessors)+MoveNext()
   at Microsoft.EntityFrameworkCore.Query.Internal.LinqOperatorProvider.ExceptionInterceptor`1.EnumeratorExceptionInterceptor.MoveNext()" (f5c7ac34)
System.Data.SqlTypes.SqlNullValueException: Data is Null. This method or property cannot be called on Null values.
   at System.Data.SqlClient.SqlBuffer.get_String()
   at System.Data.SqlClient.SqlDataReader.GetString(Int32 i)
   at lambda_method(Closure , DbDataReader )
   at Microsoft.EntityFrameworkCore.Storage.Internal.TypedRelationalValueBufferFactory.Create(DbDataReader dataReader)
   at Microsoft.EntityFrameworkCore.Query.Internal.QueryingEnumerable`1.Enumerator.BufferlessMoveNext(DbContext _, Boolean buffer)
   at Microsoft.EntityFrameworkCore.SqlServer.Storage.Internal.SqlServerExecutionStrategy.Execute[TState,TResult](TState state, Func`3 operation, Func`3 verifySucceeded)
   at Microsoft.EntityFrameworkCore.Query.Internal.QueryingEnumerable`1.Enumerator.MoveNext()
   at Microsoft.EntityFrameworkCore.Query.Internal.LinqOperatorProvider._TrackEntities[TOut,TIn](IEnumerable`1 results, QueryContext queryContext, IList`1 entityTrackingInfos, IList`1 entityAccessors)+MoveNext()
   at Microsoft.EntityFrameworkCore.Query.Internal.LinqOperatorProvider.ExceptionInterceptor`1.EnumeratorExceptionInterceptor.MoveNext()
2021-04-27T17:03:13.3275090+04:00 80000025-0005-fd00-b63f-84710c7967bb [ERR] Something went wrong ex: Data is Null. This method or property cannot be called on Null values. (9e5d694c)
2021-04-27T17:03:13.3307113+04:00 80000025-0005-fd00-b63f-84710c7967bb [INF] Executed action method "KU.WebAPI.Controllers.ChartController.GetReport (KU.WebAPI)", returned result "Microsoft.AspNetCore.Mvc.ObjectResult" in 112.7165ms. (50a9e262)
2021-04-27T17:03:13.3341128+04:00 80000025-0005-fd00-b63f-84710c7967bb [INF] Executing ObjectResult, writing value of type '"System.String"'. (8a1b66c8)
2021-04-27T17:03:13.3426603+04:00 80000025-0005-fd00-b63f-84710c7967bb [INF] Executed action "KU.WebAPI.Controllers.ChartController.GetReport (KU.WebAPI)" in 125.0737ms (afa2e885)
2021-04-27T17:03:13.3465161+04:00 80000025-0005-fd00-b63f-84710c7967bb [INF] Executed endpoint '"KU.WebAPI.Controllers.ChartController.GetReport (KU.WebAPI)"' (99874f2b)
2021-04-27T17:03:13.3501299+04:00 80000025-0005-fd00-b63f-84710c7967bb [INF] Request finished in 164.407ms 500 application/json; charset=utf-8 (791a596a)
2021-04-27T17:09:08.2649520+04:00 80000014-0001-fd00-b63f-84710c7967bb [INF] Request starting HTTP/2.0 GET https://localhost:44317/index.html   (ca22a1cb)
2021-04-27T17:09:08.7271551+04:00 80000014-0001-fd00-b63f-84710c7967bb [INF] Request finished in 468.6173ms 200 text/html (791a596a)
2021-04-27T17:09:08.9639429+04:00 8000000e-0000-f800-b63f-84710c7967bb [INF] Request starting HTTP/2.0 GET https://localhost:44317/swagger/v1/swagger.json   (ca22a1cb)
2021-04-27T17:09:09.1579909+04:00 8000000e-0000-f800-b63f-84710c7967bb [INF] Request finished in 193.5077ms 200 application/json;charset=utf-8 (791a596a)
2021-04-27T17:09:35.1011302+04:00 80000010-0000-f800-b63f-84710c7967bb [INF] Request starting HTTP/2.0 GET https://localhost:44317/api/Chart/Reports?FromDate=01%2F01%2F2021&ToDate=30%2F04%2F2021&ReportType=1   (ca22a1cb)
2021-04-27T17:09:35.1563885+04:00 80000010-0000-f800-b63f-84710c7967bb [INF] Executing endpoint '"KU.WebAPI.Controllers.ChartController.GetReport (KU.WebAPI)"' (500cc934)
2021-04-27T17:09:35.1825612+04:00 80000010-0000-f800-b63f-84710c7967bb [INF] Route matched with "{action = \"GetReport\", controller = \"Chart\"}". Executing controller action with signature "Microsoft.AspNetCore.Mvc.IActionResult GetReport(System.String, System.String, System.String, System.String, System.String, Int32)" on controller "KU.WebAPI.Controllers.ChartController" ("KU.WebAPI"). (122b2fdf)
2021-04-27T17:09:35.2090936+04:00 80000010-0000-f800-b63f-84710c7967bb [INF] Executing action method "KU.WebAPI.Controllers.ChartController.GetReport (KU.WebAPI)" - Validation state: Valid (dad538d7)
2021-04-27T17:09:35.6031483+04:00 80000010-0000-f800-b63f-84710c7967bb [INF] Entity Framework Core "2.2.6-servicing-10079" initialized '"ApplicationDbContext"' using provider '"Microsoft.EntityFrameworkCore.SqlServer"' with options: "MigrationsAssembly=KU.WebAPI " (9958f5bb)
2021-04-27T17:09:36.4096893+04:00 80000010-0000-f800-b63f-84710c7967bb [INF] Executed DbCommand ("103"ms) [Parameters=["@p0='?' (Size = 4000), @p1='?' (Size = 4000), @p2='?' (Size = 4000), @p3='?' (Size = 4000), @p4='?' (Size = 4000), @p5='?' (DbType = Int32)"], CommandType='Text', CommandTimeout='30']"
""SP_Statistics_Report @p0,@p1,@p2,@p3,@p4,@p5" (0723d8ff)
2021-04-27T17:09:37.1098492+04:00 80000010-0000-f800-b63f-84710c7967bb [INF] Executed action method "KU.WebAPI.Controllers.ChartController.GetReport (KU.WebAPI)", returned result "Microsoft.AspNetCore.Mvc.OkObjectResult" in 1892.0734ms. (50a9e262)
2021-04-27T17:09:37.1221922+04:00 80000010-0000-f800-b63f-84710c7967bb [INF] Executing ObjectResult, writing value of type '"Newtonsoft.Json.Linq.JObject"'. (8a1b66c8)
2021-04-27T17:09:37.1955151+04:00 80000010-0000-f800-b63f-84710c7967bb [INF] Executed action "KU.WebAPI.Controllers.ChartController.GetReport (KU.WebAPI)" in 1995.8002ms (afa2e885)
2021-04-27T17:09:37.2008073+04:00 80000010-0000-f800-b63f-84710c7967bb [INF] Executed endpoint '"KU.WebAPI.Controllers.ChartController.GetReport (KU.WebAPI)"' (99874f2b)
2021-04-27T17:09:37.2046078+04:00 80000010-0000-f800-b63f-84710c7967bb [INF] Request finished in 2104.5724ms 200 application/json; charset=utf-8 (791a596a)
2021-04-27T17:09:54.3949168+04:00 80000020-0006-fb00-b63f-84710c7967bb [INF] Request starting HTTP/2.0 GET https://localhost:44317/api/Chart/Reports?FromDate=01%2F01%2F2021&ToDate=30%2F04%2F2021&ReportType=2   (ca22a1cb)
2021-04-27T17:09:54.4039219+04:00 80000020-0006-fb00-b63f-84710c7967bb [INF] Executing endpoint '"KU.WebAPI.Controllers.ChartController.GetReport (KU.WebAPI)"' (500cc934)
2021-04-27T17:09:54.4094371+04:00 80000020-0006-fb00-b63f-84710c7967bb [INF] Route matched with "{action = \"GetReport\", controller = \"Chart\"}". Executing controller action with signature "Microsoft.AspNetCore.Mvc.IActionResult GetReport(System.String, System.String, System.String, System.String, System.String, Int32)" on controller "KU.WebAPI.Controllers.ChartController" ("KU.WebAPI"). (122b2fdf)
2021-04-27T17:09:54.4138327+04:00 80000020-0006-fb00-b63f-84710c7967bb [INF] Executing action method "KU.WebAPI.Controllers.ChartController.GetReport (KU.WebAPI)" - Validation state: Valid (dad538d7)
2021-04-27T17:09:54.4306482+04:00 80000020-0006-fb00-b63f-84710c7967bb [INF] Entity Framework Core "2.2.6-servicing-10079" initialized '"ApplicationDbContext"' using provider '"Microsoft.EntityFrameworkCore.SqlServer"' with options: "MigrationsAssembly=KU.WebAPI " (9958f5bb)
2021-04-27T17:09:54.5352016+04:00 80000020-0006-fb00-b63f-84710c7967bb [INF] Executed DbCommand ("99"ms) [Parameters=["@p0='?' (Size = 4000), @p1='?' (Size = 4000), @p2='?' (Size = 4000), @p3='?' (Size = 4000), @p4='?' (Size = 4000), @p5='?' (DbType = Int32)"], CommandType='Text', CommandTimeout='30']"
""SP_Statistics_Report @p0,@p1,@p2,@p3,@p4,@p5" (0723d8ff)
2021-04-27T17:09:54.5408476+04:00 80000020-0006-fb00-b63f-84710c7967bb [INF] Executed action method "KU.WebAPI.Controllers.ChartController.GetReport (KU.WebAPI)", returned result "Microsoft.AspNetCore.Mvc.OkObjectResult" in 123.3919ms. (50a9e262)
2021-04-27T17:09:54.5455424+04:00 80000020-0006-fb00-b63f-84710c7967bb [INF] Executing ObjectResult, writing value of type '"Newtonsoft.Json.Linq.JObject"'. (8a1b66c8)
2021-04-27T17:09:54.5502544+04:00 80000020-0006-fb00-b63f-84710c7967bb [INF] Executed action "KU.WebAPI.Controllers.ChartController.GetReport (KU.WebAPI)" in 136.7577ms (afa2e885)
2021-04-27T17:09:54.5546209+04:00 80000020-0006-fb00-b63f-84710c7967bb [INF] Executed endpoint '"KU.WebAPI.Controllers.ChartController.GetReport (KU.WebAPI)"' (99874f2b)
2021-04-27T17:09:54.5587226+04:00 80000020-0006-fb00-b63f-84710c7967bb [INF] Request finished in 164.056ms 200 application/json; charset=utf-8 (791a596a)
2021-04-27T17:10:01.7492161+04:00 80000022-0006-fb00-b63f-84710c7967bb [INF] Request starting HTTP/2.0 GET https://localhost:44317/api/Chart/Reports?FromDate=01%2F01%2F2021&ToDate=30%2F04%2F2021&ReportType=3   (ca22a1cb)
2021-04-27T17:10:01.7536053+04:00 80000022-0006-fb00-b63f-84710c7967bb [INF] Executing endpoint '"KU.WebAPI.Controllers.ChartController.GetReport (KU.WebAPI)"' (500cc934)
2021-04-27T17:10:01.7580034+04:00 80000022-0006-fb00-b63f-84710c7967bb [INF] Route matched with "{action = \"GetReport\", controller = \"Chart\"}". Executing controller action with signature "Microsoft.AspNetCore.Mvc.IActionResult GetReport(System.String, System.String, System.String, System.String, System.String, Int32)" on controller "KU.WebAPI.Controllers.ChartController" ("KU.WebAPI"). (122b2fdf)
2021-04-27T17:10:01.7640301+04:00 80000022-0006-fb00-b63f-84710c7967bb [INF] Executing action method "KU.WebAPI.Controllers.ChartController.GetReport (KU.WebAPI)" - Validation state: Valid (dad538d7)
2021-04-27T17:10:01.7701087+04:00 80000022-0006-fb00-b63f-84710c7967bb [INF] Entity Framework Core "2.2.6-servicing-10079" initialized '"ApplicationDbContext"' using provider '"Microsoft.EntityFrameworkCore.SqlServer"' with options: "MigrationsAssembly=KU.WebAPI " (9958f5bb)
2021-04-27T17:10:01.8948927+04:00 80000022-0006-fb00-b63f-84710c7967bb [INF] Executed DbCommand ("119"ms) [Parameters=["@p0='?' (Size = 4000), @p1='?' (Size = 4000), @p2='?' (Size = 4000), @p3='?' (Size = 4000), @p4='?' (Size = 4000), @p5='?' (DbType = Int32)"], CommandType='Text', CommandTimeout='30']"
""SP_Statistics_Report @p0,@p1,@p2,@p3,@p4,@p5" (0723d8ff)
2021-04-27T17:10:02.0733935+04:00 80000022-0006-fb00-b63f-84710c7967bb [INF] Executed action method "KU.WebAPI.Controllers.ChartController.GetReport (KU.WebAPI)", returned result "Microsoft.AspNetCore.Mvc.OkObjectResult" in 298.2224ms. (50a9e262)
2021-04-27T17:10:02.0848236+04:00 80000022-0006-fb00-b63f-84710c7967bb [INF] Executing ObjectResult, writing value of type '"Newtonsoft.Json.Linq.JObject"'. (8a1b66c8)
2021-04-27T17:10:02.0983030+04:00 80000022-0006-fb00-b63f-84710c7967bb [INF] Executed action "KU.WebAPI.Controllers.ChartController.GetReport (KU.WebAPI)" in 328.6055ms (afa2e885)
2021-04-27T17:10:02.1087447+04:00 80000022-0006-fb00-b63f-84710c7967bb [INF] Executed endpoint '"KU.WebAPI.Controllers.ChartController.GetReport (KU.WebAPI)"' (99874f2b)
2021-04-27T17:10:02.1196200+04:00 80000022-0006-fb00-b63f-84710c7967bb [INF] Request finished in 364.8153ms 200 application/json; charset=utf-8 (791a596a)
2021-04-27T17:10:27.3663924+04:00 80000012-0000-f800-b63f-84710c7967bb [INF] Request starting HTTP/2.0 GET https://localhost:44317/api/Chart/Reports?FromDate=01%2F01%2F2021&ToDate=30%2F04%2F2021&ReportType=2   (ca22a1cb)
2021-04-27T17:10:27.3721246+04:00 80000012-0000-f800-b63f-84710c7967bb [INF] Executing endpoint '"KU.WebAPI.Controllers.ChartController.GetReport (KU.WebAPI)"' (500cc934)
2021-04-27T17:10:27.3755683+04:00 80000012-0000-f800-b63f-84710c7967bb [INF] Route matched with "{action = \"GetReport\", controller = \"Chart\"}". Executing controller action with signature "Microsoft.AspNetCore.Mvc.IActionResult GetReport(System.String, System.String, System.String, System.String, System.String, Int32)" on controller "KU.WebAPI.Controllers.ChartController" ("KU.WebAPI"). (122b2fdf)
2021-04-27T17:10:27.3790426+04:00 80000012-0000-f800-b63f-84710c7967bb [INF] Executing action method "KU.WebAPI.Controllers.ChartController.GetReport (KU.WebAPI)" - Validation state: Valid (dad538d7)
2021-04-27T17:10:27.3828305+04:00 80000012-0000-f800-b63f-84710c7967bb [INF] Entity Framework Core "2.2.6-servicing-10079" initialized '"ApplicationDbContext"' using provider '"Microsoft.EntityFrameworkCore.SqlServer"' with options: "MigrationsAssembly=KU.WebAPI " (9958f5bb)
2021-04-27T17:10:27.4950661+04:00 80000012-0000-f800-b63f-84710c7967bb [INF] Executed DbCommand ("96"ms) [Parameters=["@p0='?' (Size = 4000), @p1='?' (Size = 4000), @p2='?' (Size = 4000), @p3='?' (Size = 4000), @p4='?' (Size = 4000), @p5='?' (DbType = Int32)"], CommandType='Text', CommandTimeout='30']"
""SP_Statistics_Report @p0,@p1,@p2,@p3,@p4,@p5" (0723d8ff)
2021-04-27T17:10:27.5071586+04:00 80000012-0000-f800-b63f-84710c7967bb [INF] Executed action method "KU.WebAPI.Controllers.ChartController.GetReport (KU.WebAPI)", returned result "Microsoft.AspNetCore.Mvc.OkObjectResult" in 116.8802ms. (50a9e262)
2021-04-27T17:10:27.5140976+04:00 80000012-0000-f800-b63f-84710c7967bb [INF] Executing ObjectResult, writing value of type '"Newtonsoft.Json.Linq.JObject"'. (8a1b66c8)
2021-04-27T17:10:27.5198407+04:00 80000012-0000-f800-b63f-84710c7967bb [INF] Executed action "KU.WebAPI.Controllers.ChartController.GetReport (KU.WebAPI)" in 138.8991ms (afa2e885)
2021-04-27T17:10:27.5241622+04:00 80000012-0000-f800-b63f-84710c7967bb [INF] Executed endpoint '"KU.WebAPI.Controllers.ChartController.GetReport (KU.WebAPI)"' (99874f2b)
2021-04-27T17:10:27.5277561+04:00 80000012-0000-f800-b63f-84710c7967bb [INF] Request finished in 162.5531ms 200 application/json; charset=utf-8 (791a596a)
