2020-11-11T18:19:02.4404228+04:00 80000016-0003-ff00-b63f-84710c7967bb [INF] Request starting HTTP/2.0 GET https://localhost:44317/index.html   (ca22a1cb)
2020-11-11T18:19:02.8555810+04:00 80000016-0003-ff00-b63f-84710c7967bb [INF] Request finished in 420.2699ms 200 text/html (791a596a)
2020-11-11T18:19:03.2080997+04:00 8000001c-0000-f800-b63f-84710c7967bb [INF] Request starting HTTP/2.0 GET https://localhost:44317/swagger/v1/swagger.json   (ca22a1cb)
2020-11-11T18:19:03.4406727+04:00 8000001c-0000-f800-b63f-84710c7967bb [INF] Request finished in 234.1325ms 200 application/json;charset=utf-8 (791a596a)
2020-11-11T18:19:08.7321444+04:00 80000074-0001-fe00-b63f-84710c7967bb [INF] Request starting HTTP/2.0 GET https://localhost:44317/api/Form/listforms?MenuId=1   (ca22a1cb)
2020-11-11T18:19:08.7793878+04:00 80000074-0001-fe00-b63f-84710c7967bb [INF] Executing endpoint '"KU.WebAPI.Controllers.FormController.Get (KU.WebAPI)"' (500cc934)
2020-11-11T18:19:08.8050658+04:00 80000074-0001-fe00-b63f-84710c7967bb [INF] Route matched with "{action = \"Get\", controller = \"Form\"}". Executing controller action with signature "Microsoft.AspNetCore.Mvc.IActionResult Get(Int32, Int32, Int32, Int32, Int32, Int32, System.String)" on controller "KU.WebAPI.Controllers.FormController" ("KU.WebAPI"). (122b2fdf)
2020-11-11T18:19:08.8298002+04:00 80000074-0001-fe00-b63f-84710c7967bb [INF] Executing action method "KU.WebAPI.Controllers.FormController.Get (KU.WebAPI)" - Validation state: Valid (dad538d7)
2020-11-11T18:19:16.1796337+04:00 80000074-0001-fe00-b63f-84710c7967bb [INF] Entity Framework Core "2.2.6-servicing-10079" initialized '"ApplicationDbContext"' using provider '"Microsoft.EntityFrameworkCore.SqlServer"' with options: "MigrationsAssembly=KU.WebAPI " (9958f5bb)
2020-11-11T18:19:17.0713254+04:00 80000074-0001-fe00-b63f-84710c7967bb [INF] Executed DbCommand ("107"ms) [Parameters=["@p0='?' (DbType = Int32), @p1='?' (DbType = Int32), @p2='?' (DbType = Int32), @p3='?' (DbType = Int32), @p4='?' (DbType = Int32), @p5='?' (DbType = Int32), @p6='?' (Size = 4000)"], CommandType='Text', CommandTimeout='30']"
""exec sp_listform @p0,@p1,@p2,@p3,@p4,@p5,@p6" (0723d8ff)
2020-11-11T18:19:18.9522494+04:00 80000074-0001-fe00-b63f-84710c7967bb [INF] Executed action method "KU.WebAPI.Controllers.FormController.Get (KU.WebAPI)", returned result "Microsoft.AspNetCore.Mvc.OkObjectResult" in 10114.017ms. (50a9e262)
2020-11-11T18:19:18.9629140+04:00 80000074-0001-fe00-b63f-84710c7967bb [INF] Executing ObjectResult, writing value of type '"System.Collections.Generic.List`1[[KU.Services.Interfaces.SavedFormViewModel, KU.Services, Version=1.0.0.0, Culture=neutral, PublicKeyToken=null]]"'. (8a1b66c8)
2020-11-11T18:19:18.9766107+04:00 80000074-0001-fe00-b63f-84710c7967bb [INF] Executed action "KU.WebAPI.Controllers.FormController.Get (KU.WebAPI)" in 10164.1095ms (afa2e885)
2020-11-11T18:19:18.9802088+04:00 80000074-0001-fe00-b63f-84710c7967bb [INF] Executed endpoint '"KU.WebAPI.Controllers.FormController.Get (KU.WebAPI)"' (99874f2b)
2020-11-11T18:19:18.9837473+04:00 80000074-0001-fe00-b63f-84710c7967bb [INF] Request finished in 10253.2355ms 200 application/json; charset=utf-8 (791a596a)
2020-11-11T18:27:25.1993879+04:00 800001c6-0002-fe00-b63f-84710c7967bb [INF] Request starting HTTP/2.0 GET https://localhost:44317/index.html   (ca22a1cb)
2020-11-11T18:27:25.6427310+04:00 800001c6-0002-fe00-b63f-84710c7967bb [INF] Request finished in 450.5609ms 200 text/html (791a596a)
2020-11-11T18:27:25.8464209+04:00 80000018-0003-ff00-b63f-84710c7967bb [INF] Request starting HTTP/2.0 GET https://localhost:44317/swagger/v1/swagger.json   (ca22a1cb)
2020-11-11T18:27:26.0316535+04:00 80000018-0003-ff00-b63f-84710c7967bb [INF] Request finished in 183.8146ms 200 application/json;charset=utf-8 (791a596a)
2020-11-11T18:27:31.8221065+04:00 800001c8-0002-fe00-b63f-84710c7967bb [INF] Request starting HTTP/2.0 GET https://localhost:44317/api/Form/listforms?MenuId=1   (ca22a1cb)
2020-11-11T18:27:31.8698496+04:00 800001c8-0002-fe00-b63f-84710c7967bb [INF] Executing endpoint '"KU.WebAPI.Controllers.FormController.Get (KU.WebAPI)"' (500cc934)
2020-11-11T18:27:31.8963807+04:00 800001c8-0002-fe00-b63f-84710c7967bb [INF] Route matched with "{action = \"Get\", controller = \"Form\"}". Executing controller action with signature "Microsoft.AspNetCore.Mvc.IActionResult Get(Int32, Int32, Int32, Int32, Int32, Int32, System.String)" on controller "KU.WebAPI.Controllers.FormController" ("KU.WebAPI"). (122b2fdf)
2020-11-11T18:27:31.9213514+04:00 800001c8-0002-fe00-b63f-84710c7967bb [INF] Executing action method "KU.WebAPI.Controllers.FormController.Get (KU.WebAPI)" - Validation state: Valid (dad538d7)
2020-11-11T18:27:32.2513747+04:00 800001c8-0002-fe00-b63f-84710c7967bb [INF] Entity Framework Core "2.2.6-servicing-10079" initialized '"ApplicationDbContext"' using provider '"Microsoft.EntityFrameworkCore.SqlServer"' with options: "MigrationsAssembly=KU.WebAPI " (9958f5bb)
2020-11-11T18:27:33.0756877+04:00 800001c8-0002-fe00-b63f-84710c7967bb [INF] Executed DbCommand ("94"ms) [Parameters=["@p0='?' (DbType = Int32), @p1='?' (DbType = Int32), @p2='?' (DbType = Int32), @p3='?' (DbType = Int32), @p4='?' (DbType = Int32), @p5='?' (DbType = Int32), @p6='?' (Size = 4000)"], CommandType='Text', CommandTimeout='30']"
""exec sp_listform @p0,@p1,@p2,@p3,@p4,@p5,@p6" (0723d8ff)
2020-11-11T18:27:33.1437549+04:00 800001c8-0002-fe00-b63f-84710c7967bb [INF] Executed action method "KU.WebAPI.Controllers.FormController.Get (KU.WebAPI)", returned result "Microsoft.AspNetCore.Mvc.OkObjectResult" in 1213.6228ms. (50a9e262)
2020-11-11T18:27:33.1561614+04:00 800001c8-0002-fe00-b63f-84710c7967bb [INF] Executing ObjectResult, writing value of type '"System.Collections.Generic.List`1[[KU.Services.Interfaces.SavedFormViewModel, KU.Services, Version=1.0.0.0, Culture=neutral, PublicKeyToken=null]]"'. (8a1b66c8)
2020-11-11T18:27:33.1717817+04:00 800001c8-0002-fe00-b63f-84710c7967bb [INF] Executed action "KU.WebAPI.Controllers.FormController.Get (KU.WebAPI)" in 1268.7023ms (afa2e885)
2020-11-11T18:27:33.1748781+04:00 800001c8-0002-fe00-b63f-84710c7967bb [INF] Executed endpoint '"KU.WebAPI.Controllers.FormController.Get (KU.WebAPI)"' (99874f2b)
2020-11-11T18:27:33.1782035+04:00 800001c8-0002-fe00-b63f-84710c7967bb [INF] Request finished in 1357.8044ms 200 application/json; charset=utf-8 (791a596a)
